[INFO: App       ] Start Sending: 18.24 14.99 2.68 0.42 0.13 1.06  asn 00.00000000
[INFO: App       ] Not reachable yet
[INFO: App       ] Start Sending: 17.20 14.68 2.71 0.38 0.13 1.10  asn 00.00000000
[INFO: App       ] Not reachable yet
[INFO: App       ] Start Sending: 18.18 15.01 1.90 0.41 0.10 1.08  asn 00.00000000
[INFO: App       ] Not reachable yet
[INFO: App       ] Start Sending: 18.12 13.89 3.23 0.41 0.07 1.14  asn 00.00000000
[INFO: App       ] Not reachable yet
[INFO: App       ] Start Sending: 18.51 12.10 2.84 0.44 0.14 1.11  asn 00.00000000
[INFO: App       ] Not reachable yet
[INFO: App       ] Start Sending: 18.68 14.41 3.25 0.39 0.09 1.11  asn 00.00000000
[INFO: App       ] Not reachable yet
[INFO: App       ] Start Sending: 16.48 15.77 1.91 0.39 0.09 1.03  asn 00.00000000
[INFO: App       ] Not reachable yet
[INFO: App       ] Start Sending: 16.38 14.64 2.11 0.36 0.15 1.05  asn 00.00000000
[INFO: App       ] Not reachable yet
[INFO: RPL       ] sending a DIS to ff02::1a
[INFO: App       ][INFO: App       ] Start Sending: 18 asn 00.00000000
[INFO: App       ] Not reachable yet
[INFO: App       ] Start Sending: 19 asn 00.00000000
[INFO: App       ] Not reachable yet
[INFO: App       ] Start Sending: 20 asn 00.00000000
[INFO: App       ] Not reachable yet
[INFO: App       ] Start Sending: 21 asn 00.00000000
[INFO: App       ] Not reachable yet
[INFO: App       ] Start Sending: 22 asn 00.00000000
[INFO: App       ] Not reachable yet
[INFO: App       ] Start Sending: 23 asn 00.00000000
[INFO: App       ] Not reachable yet
[INFO: App       ] Start Sending: 24 asn 00.00000000
[INFO: App       ] Not reachable yet
[INFO: App       ] Start Sending: 25 asn 00.00000000
[INFO: App       ] Not reachable yet
[INFO: App       ] Start Sending: 26 asn 00.00000000
[INFO: App       ] Not reachable yet
[INFO: App       ] Start Sending: 27 asn 00.00000000
[INFO: App       ] Not reachable yet
[INFO: App       ] Start Sending: 28 asn 00.00000000
[INFO: App       ] Not reachable yet
[INFO: App       ] Start Sending: 29 asn 00.00000000
[INFO: App       ] Not reachable yet
[INFO: App       ] Start Sending: 30 asn 00.00000000
[INFO: App       ] Not reachable yet
[INFO: App       ] Start Sending: 31 asn 00.00000000
[INFO: App       ] Not reachable yet
[INFO: App       ] Start Sending: 32 asn 00.00000000
[INFO: App       ] Not reachable yet
[INFO: App       ] Start Sending: 33 asn 00.00000000
[INFO: App       ] Not reachable yet
[INFO: App       ] Start Sending: 34 asn 00.00000000
[INFO: App       ] Not reachable yet
[INFO: App       ] Start Sending: 35 asn 00.00000000
[INFO: App       ] Not reachable yet
[INFO: App       ] Start Sending: 36 asn 00.00000000
[INFO: App       ] Not reachable yet
[INFO: App       ] Start Sending: 37 asn 00.00000000
[INFO: App       ] Not reachable yet
[INFO: App       ] Start Sending: 38 asn 00.00000000
[INFO: App       ] Not reachable yet
[INFO: RPL       ] sending a DIS to ff02::1a
[INFO: App       ] Start Sending: 39 asn 00.00000000
[INFO: App       ] Not reachable yet
[INFO: App       ] Start Sending: 40 asn 00.00000000
[INFO: App       ] Not reachable yet
[INFO: App       ] Start Sending: 41 asn 00.00000000
[INFO: App       ] Not reachable yet
[INFO: App       ] Start Sending: 42 asn 00.00000000
[INFO: App       ] Not reachable yet
[INFO: App       ] Start Sending: 43 asn 00.00000000
[INFO: App       ] Not reachable yet
[INFO: App       ] Start Sending: 44 asn 00.00000000
[INFO: App       ] Not reachable yet
[INFO: App       ] Start Sending: 45 asn 00.00000000
[INFO: App       ] Not reachable yet
[INFO: App       ] Start Sending: 46 asn 00.00000000
[INFO: App       ] Not reachable yet
[INFO: App       ] Start Sending: 47 asn 00.00000000
[INFO: App       ] Not reachable yet
[INFO: App       ] Start Sending: 48 asn 00.00000000
[INFO: App       ] Not reachable yet
[INFO: RPL       ] sending a DIS to ff02::1a
[INFO: App       ] Start Sending: 49 asn 00.00000000
[INFO: App       ] Not reachable yet
[INFO: App       ] Start Sending: 50 asn 00.00000000
[INFO: App       ] Not reachable yet
[INFO: App       ] Start Sending: 51 asn 00.00000000
[INFO: App       ] Not reachable yet
[INFO: App       ] Start Sending: 52 asn 00.00000000
[INFO: App       ] Not reachable yet
[INFO: App       ] Start Sending: 53 asn 00.00000000
[INFO: App       ] Not reachable yet
[INFO: App       ] Start Sending: 54 asn 00.00000000
[INFO: App       ] Not reachable yet
[INFO: App       ] Start Sending: 55 asn 00.00000000
[INFO: App       ] Not reachable yet
[INFO: App       ] Start Sending: 56 asn 00.00000000
[INFO: App       ] Not reachable yet
[INFO: App       ] Start Sending: 57 asn 00.00000000
[INFO: App       ] Not reachable yet
[INFO: App       ] Start Sending: 58 asn 00.00000000
[INFO: App       ] Not reachable yet
[INFO: App       ] Start Sending: 59 asn 00.00000000
[INFO: App       ] Not reachable yet
[INFO: RPL       ] sending a DIS to ff02::1a
[INFO: App       ] Start Sending: 60 asn 00.00000000
[INFO: App       ] Not reachable yet
[INFO: App       ] Start Sending: 61 asn 00.00000000
[INFO: App       ] Not reachable yet
[INFO: App       ] Start Sending: 62 asn 00.00000000
[INFO: App       ] Not reachable yet
[INFO: App       ] Start Sending: 63 asn 00.00000000
[INFO: App       ] Not reachable yet
[INFO: App       ] Start Sending: 64 asn 00.00000000
[INFO: App       ] Not reachable yet
[INFO: App       ] Start Sending: 65 asn 00.00000000
[INFO: App       ] Not reachable yet
[INFO: App       ] Start Sending: 66 asn 00.00000000
[INFO: App       ] Not reachable yet
[INFO: App       ] Start Sending: 67 asn 00.00000000
[INFO: App       ] Not reachable yet
[INFO: App       ] Start Sending: 68 asn 00.00000000
[INFO: App       ] Not reachable yet
[INFO: App       ] Start Sending: 69 asn 00.00000000
[INFO: App       ] Not reachable yet
[INFO: App       ] Start Sending: 70 asn 00.00000000
[INFO: App       ] Not reachable yet
[INFO: App       ] Start Sending: 71 asn 00.00000000
[INFO: App       ] Not reachable yet
[INFO: App       ] Start Sending: 72 asn 00.00000000
[INFO: App       ] Not reachable yet
[INFO: App       ] Start Sending: 73 asn 00.00000000
[INFO: App       ] Not reachable yet
[INFO: App       ] Start Sending: 74 asn 00.00000000
[INFO: App       ] Not reachable yet
[INFO: App       ] Start Sending: 75 asn 00.00000000
[INFO: App       ] Not reachable yet
[INFO: App       ] Start Sending: 76 asn 00.00000000
[INFO: App       ] Not reachable yet
[INFO: App       ] Start Sending: 77 asn 00.00000000
[INFO: App       ] Not reachable yet
[INFO: App       ] Start Sending: 78 asn 00.00000000
[INFO: App       ] Not reachable yet
[INFO: App       ] Start Sending: 79 asn 00.00000000
[INFO: App       ] Not reachable yet
[INFO: App       ] Start Sending: 80 asn 00.00000000
[INFO: App       ] Not reachable yet
[INFO: RPL       ] sending a DIS to ff02::1a
[INFO: App       ] Start Sending: 81 asn 00.00000000
[INFO: App       ] Not reachable yet
[INFO: App       ] Start Sending: 82 asn 00.00000000
[INFO: App       ] Not reachable yet
[INFO: App       ] Start Sending: 83 asn 00.00000000
[INFO: App       ] Not reachable yet
[INFO: App       ] Start Sending: 84 asn 00.00000000
[INFO: App       ] Not reachable yet
[INFO: App       ] Start Sending: 85 asn 00.00000000
[INFO: App       ] Not reachable yet
[INFO: App       ] Start Sending: 86 asn 00.00000000
[INFO: App       ] Not reachable yet
[INFO: App       ] Start Sending: 87 asn 00.00000000
[INFO: App       ] Not reachable yet
[INFO: App       ] Start Sending: 88 asn 00.00000000
[INFO: App       ] Not reachable yet
[INFO: App       ] Start Sending: 89 asn 00.00000000
[INFO: App       ] Not reachable yet
[INFO: App       ] Start Sending: 90 asn 00.00000000
[INFO: App       ] Not reachable yet
[INFO: App       ] Start Sending: 91 asn 00.00000000
[INFO: App       ] Not reachable yet
[INFO: App       ] Start Sending: 92 asn 00.00000000
[INFO: App       ] Not reachable yet
[INFO: App       ] Start Sending: 93 asn 00.00000000
[INFO: App       ] Not reachable yet
[INFO: App       ] Start Sending: 94 asn 00.00000000
[INFO: App       ] Not reachable yet
[INFO: App       ] Start Sending: 95 asn 00.00000000
[INFO: App       ] Not reachable yet
[INFO: App       ] Start Sending: 96 asn 00.00000000
[INFO: App       ] Not reachable yet
[INFO: App       ] Start Sending: 97 asn 00.00000000
[INFO: App       ] Not reachable yet
[INFO: App       ] Start Sending: 98 asn 00.00000000
[INFO: App       ] Not reachable yet
[INFO: App       ] Start Sending: 99 asn 00.00000000
[INFO: App       ] Not reachable yet
[INFO: RPL       ] sending a DIS to ff02::1a
[INFO: App       ] Start Sending: 100 asn 00.00000000
[INFO: App       ] Not reachable yet
[INFO: App       ] Start Sending: 101 asn 00.00000000
[INFO: App       ] Not reachable yet
[INFO: App       ] Start Sending: 102 asn 00.00000000
[INFO: App       ] Not reachable yet
[INFO: App       ] Start Sending: 103 asn 00.00000000
[INFO: App       ] Not reachable yet
[INFO: App       ] Start Sending: 104 asn 00.00000000
[INFO: App       ] Not reachable yet
[INFO: App       ] Start Sending: 105 asn 00.00000000
[INFO: App       ] Not reachable yet
[INFO: App       ] Start Sending: 106 asn 00.00000000
[INFO: App       ] Not reachable yet
[INFO: App       ] Start Sending: 107 asn 00.00000000
[INFO: App       ] Not reachable yet
[INFO: App       ] Start Sending: 108 asn 00.00000000
[INFO: App       ] Not reachable yet
[INFO: App       ] Start Sending: 109 asn 00.00000000
[INFO: App       ] Not reachable yet
[INFO: App       ] Start Sending: 110 asn 00.00000000
[INFO: App       ] Not reachable yet
[INFO: App       ] Start Sending: 111 asn 00.00000000
[INFO: App       ] Not reachable yet
[INFO: App       ] Start Sending: 112 asn 00.000067ba
[INFO: App       ] Not reachable yet[INFO: RPL       ] sending a DIS to ff02::1a
[INFO: TSCH-LOG  ] {asn 00.0000681a link  2  41   0  0  0 ch 26} bc-1-0 tx LL-0485->LL-NULL, len  24, seq 120, st 0  1תר[INFO: App       ] Start Sending: 113 asn 00.00006883
[INFO: App       ] Not reachable yet[INFO: RPL       ] received a multicast-DIO from fe80::f6ce:3623:9010:1fdc, instance_id 0, DAG ID fd00::f6ce:3623:9010:1fdc, version 240, dtsn 240, rank 128
[INFO: RPL       ] reset MRHOF
[INFO: RPL       ] initialized DAG with instance ID 0, DAG ID fd00::f6ce:3623:9010:1fdc, prexix fd00::/64, rank 65535
[WARN: RPL       ] just joined, no parent yet, setting timer for leaving
[INFO: RPL       ] refreshing lifetime
[INFO: RPL       ] best parent is not fresh, schedule urgent probing to fe80::f6ce:3623:9010:1fdc
[INFO: TSCH-LOG  ] {asn 00.00006910 link  2  41   0  0  0 ch 15} bc-1-0 rx LL-1fdc->LL-NULL, len  94, seq   0, edr   7, dr  -7
[INFO: RPL       ] sending a unicast-DIO with rank 65535 to fe80::f6ce:3623:9010:1fdc
[INFO: TSCH-LOG  ] {asn 00.00006940 link  1  17   0 16  2 ch 26} uc-1-0 tx LL-0485->LL-1fdc, len 100, seq 123, st 0  1, dr  -6
[INFO: RPL       ] best parent is not fresh, schedule urgent probing to fe80::f6ce:3623:9010:1fdc
[INFO: App       ] Start Sending: 114 asn 00.0000694b
[INFO: App       ] Not reachable yet[INFO: App       ] Start Sending: 115 asn 00.00006a14
[INFO: App       ] Not reachable yet[INFO: RPL       ] sending a unicast-DIO with rank 65535 to fe80::f6ce:3623:9010:1fdc
[INFO: TSCH-LOG  ] {asn 00.00006a61 link  1  17   0 16  2 ch 20} uc-1-0 tx LL-0485->LL-1fdc, len 100, seq 124, st 0  1, dr  -6
[INFO: RPL       ] best parent is not fresh, schedule urgent probing to fe80::f6ce:3623:9010:1fdc
[INFO: App       ] Start Sending: 116 asn 00.00006add
[INFO: App       ] Not reachable yet[INFO: App       ] Start Sending: 117 asn 00.00006ba6
[INFO: App       ] Not reachable yet[INFO: RPL       ] sending a unicast-DIO with rank 65535 to fe80::f6ce:3623:9010:1fdc
[INFO: TSCH-LOG  ] {asn 00.00006be8 link  1  17   0 16  2 ch 26} drift -41 ppm (min/max delta seen: -7/0)
[INFO: TSCH-LOG  ] {asn 00.00006be8 link  1  17   0 16  2 ch 26} uc-1-0 tx LL-0485->LL-1fdc, len 100, seq 125, st 0  1, dr  -8
[INFO: RPL       ] best parent is not fresh, schedule urgent probing to fe80::f6ce:3623:9010:1fdc
[INFO: RPL       ] received a multicast-DIO from fe80::f6ce:3623:9010:1fdc, instance_id 0, DAG ID fd00::f6ce:3623:9010:1fdc, version 240, dtsn 240, rank 128
[INFO: TSCH-LOG  ] {asn 00.00006c6d link  2  41   0  0  0 ch 25} bc-1-0 rx LL-1fdc->LL-NULL, len  94, seq   0, edr  -8, dr   8
[INFO: App       ] Start Sending: 118 asn 00.00006c71
[INFO: App       ] Not reachable yet[INFO: RPL       ] sending a unicast-DIO with rank 65535 to fe80::f6ce:3623:9010:1fdc
[INFO: TSCH-LOG  ] {asn 00.00006c81 link  1  17   0 16  2 ch 20} uc-1-0 tx LL-0485->LL-1fdc, len 100, seq 126, st 0  1, dr  -6
[INFO: RPL       ] parent switch: (NULL IP addr) -> fe80::f6ce:3623:9010:1fdc
[WARN: RPL       ] found parent: fe80::f6ce:3623:9010:1fdc, staying in DAG
[INFO: RPL       ] nbr: own state, addr fd00::212:4b00:a63:485, DAG state: joined, MOP 1 OCP 1 rank 260 max-rank 1284, dioint 0, nbr count 1 (Parent switch)
[INFO: RPL       ] nbr: fe80::f6ce:3623:9010:1fdc  128,   132 =>   260 --  4 rbafp (last tx 0 min ago)
[INFO: RPL       ] nbr: end of list[INFO: App       ] Start Sending: 119 asn 00.00006d3a
[INFO: App       ] Not reachable yet[INFO: TSCH-LOG  ] {asn 00.00006d6a link  0 397   0 220  1 ch 20} bc-0-0 rx LL-1fdc->LL-NULL, len  35, seq   0, edr  -8, dr   8
[INFO: RPL       ] sending a DAO seqno 241, tx count 1, lifetime 30, prefix fd00::212:4b00:a63:485 to fd00::f6ce:3623:9010:1fdc, parent fe80::f6ce:3623:9010:1fdc
[INFO: TSCH-LOG  ] {asn 00.00006d6f link  1  17   0 16  2 ch 25} uc-1-0 tx LL-0485->LL-1fdc, len  83, seq 127, st 0  1, dr  -4
[INFO: RPL       ] received a DAO-ACK with seqno 241 (241 241) and status 0 from fd00::f6ce:3623:9010:1fdc
[INFO: TSCH-LOG  ] {asn 00.00006d7e link  1  17   0 14  3 ch 25} drift -22 ppm (min/max delta seen: -8/8)
[INFO: TSCH-LOG  ] {asn 00.00006d7e link  1  17   0 14  3 ch 25} uc-1-0 rx LL-1fdc->LL-0485, len  41, seq 108, edr  -3, dr   3
[INFO: App       ] Start Sending: 120 asn 00.00006e03
[INFO: App       ] Unicast 120
[INFO: TSCH-LOG  ] {asn 00.00006e08 link  1  17   0 16  2 ch 26} uc-1-0 tx LL-0485->LL-1fdc, len  50, seq 128, st 2  1[INFO: TSCH-LOG  ] {asn 00.00006e19 link  1  17   0 16  2 ch 20} uc-1-0 tx LL-0485->LL-1fdc, len  50, seq 128, st 0  2, dr  -4
[INFO: App       ] Received downward: Unicast 120 asn 00.00006e29 [INFO: TSCH-LOG  ] {asn 00.00006e28 link  1  17   0 14  3 ch 20} uc-1-0 rx LL-1fdc->LL-0485, len  50, seq 109, edr  -6, dr   6
[INFO: RPL       ] sending a multicast-DIO with rank 271 to ff02::1a
[INFO: TSCH-LOG  ] {asn 00.00006eab link  2  41   0  0  0 ch 20} bc-1-0 tx LL-0485->LL-NULL, len  94, seq 121, st 0  1[INFO: App       ] Start Sending: 121 asn 00.00006ecc
[INFO: App       ] Unicast 121
[INFO: TSCH-LOG  ] {asn 00.00006ed4 link  1  17   0 16  2 ch 26} uc-1-0 tx LL-0485->LL-1fdc, len  50, seq 129, st 0  1, dr  -6
[INFO: App       ] Received downward: Unicast 121 asn 00.00006ee4 [INFO: TSCH-LOG  ] {asn 00.00006ee3 link  1  17   0 14  3 ch 26} uc-1-0 rx LL-1fdc->LL-0485, len  50, seq 110, edr  -5, dr   5
[INFO: App       ] Start Sending: 122 asn 00.00006f95
[INFO: App       ] Unicast 122
[INFO: TSCH-LOG  ] {asn 00.00006fa0 link  1  17   0 16  2 ch 26} drift -27 ppm (min/max delta seen: -8/8)
[INFO: TSCH-LOG  ] {asn 00.00006fa0 link  1  17   0 16  2 ch 26} uc-1-0 tx LL-0485->LL-1fdc, len  50, seq 130, st 0  1, dr  -6
[INFO: App       ] Received downward: Unicast 122 asn 00.00006fb0 [INFO: TSCH-LOG  ] {asn 00.00006faf link  1  17   0 14  3 ch 26} uc-1-0 rx LL-1fdc->LL-0485, len  50, seq 111, edr  -6, dr   6
[INFO: TSCH-LOG  ] {asn 00.0000702d link  0 397   0 133  1 ch 26} bc-0-0 tx LL-0485->LL-NULL, len  35, seq 122, st 0  1[INFO: App       ] Start Sending: 123 asn 00.0000705e
[INFO: App       ] Unicast 123
[INFO: TSCH-LOG  ] {asn 00.0000706c link  1  17   0 16  2 ch 26} uc-1-0 tx LL-0485->LL-1fdc, len  50, seq 131, st 0  1, dr  -6
[INFO: App       ] Received downward: Unicast 123 asn 00.0000707c [INFO: TSCH-LOG  ] {asn 00.0000707b link  1  17   0 14  3 ch 26} uc-1-0 rx LL-1fdc->LL-0485, len  50, seq 112, edr  -5, dr   5
[INFO: TSCH-LOG  ] {asn 00.00007084 link  0 397   0 220  1 ch 25} bc-0-0 rx LL-1fdc->LL-NULL, len  35, seq 112, edr  -1, dr   1
[INFO: RPL       ] received a multicast-DIO from fe80::f6ce:3623:9010:1fdc, instance_id 0, DAG ID fd00::f6ce:3623:9010:1fdc, version 240, dtsn 240, rank 128
[INFO: RPL       ] refreshing lifetime
[INFO: TSCH-LOG  ] {asn 00.000070e9 link  2  41   0  0  0 ch 25} bc-1-0 rx LL-1fdc->LL-NULL, len  94, seq 112, edr   2, dr  -2
[INFO: App       ] Start Sending: 124 asn 00.00007127
[INFO: App       ] Unicast 124
[INFO: TSCH-LOG  ] {asn 00.00007127 link  1  17   0 16  2 ch 25} uc-1-0 tx LL-0485->LL-1fdc, len  50, seq 132, st 0  1, dr  -4
[INFO: App       ] Received downward: Unicast 124 asn 00.00007137 [INFO: TSCH-LOG  ] {asn 00.00007136 link  1  17   0 14  3 ch 25} drift -22 ppm (min/max delta seen: -8/8)
[INFO: TSCH-LOG  ] {asn 00.00007136 link  1  17   0 14  3 ch 25} uc-1-0 rx LL-1fdc->LL-0485, len  50, seq 113, edr  -6, dr   6
[INFO: RPL       ] sending a multicast-DIO with rank 264 to ff02::1a
[INFO: TSCH-LOG  ] {asn 00.00007164 link  2  41   0  0  0 ch 15} bc-1-0 tx LL-0485->LL-NULL, len  94, seq 123, st 0  1[INFO: App       ] Start Sending: 125 asn 00.000071ef
[INFO: App       ] Unicast 125
[INFO: TSCH-LOG  ] {asn 00.000071f3 link  1  17   0 16  2 ch 25} uc-1-0 tx LL-0485->LL-1fdc, len  50, seq 133, st 0  1, dr  -8
[INFO: App       ] Received downward: Unicast 125 asn 00.00007203 [INFO: TSCH-LOG  ] {asn 00.00007202 link  1  17   0 14  3 ch 25} uc-1-0 rx LL-1fdc->LL-0485, len  50, seq 114, edr  -8, dr   8
[INFO: TSCH-LOG  ] {asn 00.00007213 link  1  17   0 14  3 ch 26} uc-1-0 rx LL-1fdc->LL-0485, len  50, seq 114, edr   1, dr  -1
[INFO: App       ] Start Sending: 126 asn 00.000072b8
[INFO: App       ] Unicast 126
[INFO: TSCH-LOG  ] {asn 00.000072bf link  1  17   0 16  2 ch 25} uc-1-0 tx LL-0485->LL-1fdc, len  50, seq 134, st 0  1, dr  -6
[INFO: App       ] Received downward: Unicast 126 asn 00.000072cf [INFO: TSCH-LOG  ] {asn 00.000072ce link  1  17   0 14  3 ch 25} drift -23 ppm (min/max delta seen: -8/8)
[INFO: TSCH-LOG  ] {asn 00.000072ce link  1  17   0 14  3 ch 25} uc-1-0 rx LL-1fdc->LL-0485, len  50, seq 115, edr  -5, dr   5
[INFO: TSCH-LOG  ] {asn 00.00007347 link  0 397   0 133  1 ch 15} bc-0-0 tx LL-0485->LL-NULL, len  35, seq 124, st 0  1[INFO: App       ] Start Sending: 127 asn 00.00007381
[INFO: App       ] Unicast 127
[INFO: TSCH-LOG  ] {asn 00.0000738b link  1  17   0 16  2 ch 25} uc-1-0 tx LL-0485->LL-1fdc, len  50, seq 135, st 0  1, dr  -6
[INFO: App       ] Received downward: Unicast 127 asn 00.0000739b [INFO: TSCH-LOG  ] {asn 00.0000739a link  1  17   0 14  3 ch 25} uc-1-0 rx LL-1fdc->LL-0485, len  50, seq 116, edr  -8, dr   8
[INFO: App       ] Start Sending: 128 asn 00.0000744a
[INFO: App       ] Unicast 128
[INFO: TSCH-LOG  ] {asn 00.00007457 link  1  17   0 16  2 ch 25} uc-1-0 tx LL-0485->LL-1fdc, len  50, seq 136, st 0  1, dr  -8
[INFO: App       ] Received downward: Unicast 128 asn 00.00007467 [INFO: TSCH-LOG  ] {asn 00.00007466 link  1  17   0 14  3 ch 25} drift -24 ppm (min/max delta seen: -8/8)
[INFO: TSCH-LOG  ] {asn 00.00007466 link  1  17   0 14  3 ch 25} uc-1-0 rx LL-1fdc->LL-0485, len  50, seq 117, edr  -5, dr   5
[INFO: App       ] Start Sending: 129 asn 00.00007512
[INFO: App       ] Unicast 129
[INFO: TSCH-LOG  ] {asn 00.00007523 link  1  17   0 16  2 ch 25} uc-1-0 tx LL-0485->LL-1fdc, len  50, seq 137, st 2  1[INFO: TSCH-LOG  ] {asn 00.0000752b link  0 397   0 220  1 ch 15} bc-0-0 rx LL-1fdc->LL-NULL, len  35, seq 117, edr  -1, dr   1
[INFO: TSCH-LOG  ] {asn 00.00007534 link  1  17   0 16  2 ch 26} uc-1-0 tx LL-0485->LL-1fdc, len  50, seq 137, st 2  2[INFO: TSCH-LOG  ] {asn 00.00007545 link  1  17   0 16  2 ch 20} uc-1-0 tx LL-0485->LL-1fdc, len  50, seq 137, st 0  3, dr  -6
[INFO: App       ] Received downward: Unicast 129 asn 00.00007555 [INFO: TSCH-LOG  ] {asn 00.00007554 link  1  17   0 14  3 ch 20} uc-1-0 rx LL-1fdc->LL-0485, len  50, seq 118, edr  -5, dr   5
[INFO: App       ] Start Sending: 130 asn 00.000075db
[INFO: App       ] Unicast 130
[INFO: TSCH-LOG  ] {asn 00.000075de link  1  17   0 16  2 ch 15} uc-1-0 tx LL-0485->LL-1fdc, len  50, seq 138, st 2  1[INFO: TSCH-LOG  ] {asn 00.000075ef link  1  17   0 16  2 ch 25} uc-1-0 tx LL-0485->LL-1fdc, len  50, seq 138, st 0  2, dr  -6
[INFO: App       ] Received downward: Unicast 130 asn 00.000075ff [INFO: TSCH-LOG  ] {asn 00.000075fe link  1  17   0 14  3 ch 25} drift -23 ppm (min/max delta seen: -8/8)
[INFO: TSCH-LOG  ] {asn 00.000075fe link  1  17   0 14  3 ch 25} uc-1-0 rx LL-1fdc->LL-0485, len  50, seq 119, edr  -6, dr   6
[INFO: App       ] Start Sending: 131 asn 00.000076a4
[INFO: App       ] Unicast 131
[INFO: TSCH-LOG  ] {asn 00.000076aa link  1  17   0 16  2 ch 15} uc-1-0 tx LL-0485->LL-1fdc, len  50, seq 139, st 0  1, dr  -4
[INFO: App       ] Received downward: Unicast 131 asn 00.000076ba [INFO: TSCH-LOG  ] {asn 00.000076b9 link  1  17   0 14  3 ch 15} uc-1-0 rx LL-1fdc->LL-0485, len  50, seq 120, edr  -5, dr   5
[INFO: App       ] Start Sending: 132 asn 00.0000776d
[INFO: App       ] Unicast 132
[INFO: TSCH-LOG  ] {asn 00.00007776 link  1  17   0 16  2 ch 15} uc-1-0 tx LL-0485->LL-1fdc, len  50, seq 140, st 0  1, dr  -8
[INFO: App       ] Received downward: Unicast 132 asn 00.00007786 [INFO: TSCH-LOG  ] {asn 00.00007785 link  1  17   0 14  3 ch 15} uc-1-0 rx LL-1fdc->LL-0485, len  50, seq 121, edr  -5, dr   5
[INFO: TSCH-LOG  ] {asn 00.000077ee link  0 397   0 133  1 ch 20} bc-0-0 tx LL-0485->LL-NULL, len  35, seq 125, st 0  1[INFO: App       ] Start Sending: 133 asn 00.00007835
[INFO: App       ] Unicast 133
[INFO: TSCH-LOG  ] {asn 00.00007842 link  1  17   0 16  2 ch 15} drift -26 ppm (min/max delta seen: -8/8)
[INFO: TSCH-LOG  ] {asn 00.00007842 link  1  17   0 16  2 ch 15} uc-1-0 tx LL-0485->LL-1fdc, len  50, seq 141, st 0  1, dr  -4
[INFO: App       ] Received downward: Unicast 133 asn 00.00007852 [INFO: TSCH-LOG  ] {asn 00.00007851 link  1  17   0 14  3 ch 15} uc-1-0 rx LL-1fdc->LL-0485, len  50, seq 122, edr  -4, dr   4
[INFO: RPL       ] sending a multicast-DIO with rank 283 to ff02::1a
[INFO: TSCH-LOG  ] {asn 00.00007870 link  2  41   0  0  0 ch 15} bc-1-0 tx LL-0485->LL-NULL, len  94, seq 126, st 0  1[INFO: App       ] Start Sending: 134 asn 00.000078fe
[INFO: App       ] Unicast 134
[INFO: TSCH-LOG  ] {asn 00.0000790e link  1  17   0 16  2 ch 15} uc-1-0 tx LL-0485->LL-1fdc, len  50, seq 142, st 0  1, dr  -4
[INFO: App       ] Received downward: Unicast 134 asn 00.0000791e [INFO: TSCH-LOG  ] {asn 00.0000791d link  1  17   0 14  3 ch 15} uc-1-0 rx LL-1fdc->LL-0485, len  50, seq 123, edr  -6, dr   6
[INFO: TSCH-LOG  ] {asn 00.0000792e link  1  17   0 14  3 ch 25} uc-1-0 rx LL-1fdc->LL-0485, len  50, seq 123, edr   1, dr  -1
[INFO: TSCH-LOG  ] {asn 00.0000793f link  1  17   0 14  3 ch 26} uc-1-0 rx LL-1fdc->LL-0485, len  50, seq 123, edr  -1, dr   1
[INFO: App       ] Start Sending: 135 asn 00.000079c6
[INFO: App       ] Unicast 135
[INFO: TSCH-LOG  ] {asn 00.000079c9 link  1  17   0 16  2 ch 20} uc-1-0 tx LL-0485->LL-1fdc, len  50, seq 143, st 0  1, dr  -6
[INFO: TSCH-LOG  ] {asn 00.000079d2 link  0 397   0 220  1 ch 20} drift -21 ppm (min/max delta seen: -8/8)
[INFO: TSCH-LOG  ] {asn 00.000079d2 link  0 397   0 220  1 ch 20} bc-0-0 rx LL-1fdc->LL-NULL, len  35, seq 123, edr  -5, dr   5
[INFO: App       ] Received downward: Unicast 135 asn 00.000079d9 [INFO: TSCH-LOG  ] {asn 00.000079d8 link  1  17   0 14  3 ch 20} uc-1-0 rx LL-1fdc->LL-0485, len  50, seq 124, edr   0, dr   0
[INFO: App       ] Start Sending: 136 asn 00.00007a8f
[INFO: App       ] Unicast 136
[INFO: TSCH-LOG  ] {asn 00.00007a95 link  1  17   0 16  2 ch 20} uc-1-0 tx LL-0485->LL-1fdc, len  50, seq 144, st 0  1, dr  -6
[INFO: App       ] Received downward: Unicast 136 asn 00.00007aa5 [INFO: TSCH-LOG  ] {asn 00.00007aa4 link  1  17   0 14  3 ch 20} uc-1-0 rx LL-1fdc->LL-0485, len  50, seq 125, edr  -6, dr   6
[INFO: App       ] Start Sending: 137 asn 00.00007b58
[INFO: App       ] Unicast 137
[INFO: TSCH-LOG  ] {asn 00.00007b61 link  1  17   0 16  2 ch 20} uc-1-0 tx LL-0485->LL-1fdc, len  50, seq 145, st 0  1, dr  -6
[INFO: App       ] Received downward: Unicast 137 asn 00.00007b71 [INFO: TSCH-LOG  ] {asn 00.00007b70 link  1  17   0 14  3 ch 20} drift -24 ppm (min/max delta seen: -8/8)
[INFO: TSCH-LOG  ] {asn 00.00007b70 link  1  17   0 14  3 ch 20} uc-1-0 rx LL-1fdc->LL-0485, len  50, seq 126, edr  -5, dr   5
[INFO: App       ] Start Sending: 138 asn 00.00007c21
[INFO: App       ] Unicast 138
[INFO: TSCH-LOG  ] {asn 00.00007c2d link  1  17   0 16  2 ch 20} uc-1-0 tx LL-0485->LL-1fdc, len  50, seq 146, st 0  1, dr  -4
[INFO: App       ] Received downward: Unicast 138 asn 00.00007c3d [INFO: TSCH-LOG  ] {asn 00.00007c3c link  1  17   0 14  3 ch 20} uc-1-0 rx LL-1fdc->LL-0485, len  50, seq 127, edr  -4, dr   4
[INFO: App       ] Start Sending: 139 asn 00.00007ce9
[INFO: App       ] Unicast 139
[INFO: TSCH-LOG  ] {asn 00.00007cf9 link  1  17   0 16  2 ch 20} uc-1-0 tx LL-0485->LL-1fdc, len  50, seq 147, st 0  1, dr  -8
[INFO: TSCH-LOG  ] {asn 00.00007d08 link  1  17   0 14  3 ch 20} !failed to parse frame 0 0[INFO: App       ] Received downward: Unicast 139 asn 00.00007d1a [INFO: TSCH-LOG  ] {asn 00.00007d19 link  1  17   0 14  3 ch 15} drift -22 ppm (min/max delta seen: -8/8)
[INFO: TSCH-LOG  ] {asn 00.00007d19 link  1  17   0 14  3 ch 15} uc-1-0 rx LL-1fdc->LL-0485, len  50, seq 128, edr  -7, dr   7
[INFO: App       ] Start Sending: 140 asn 00.00007db2
[INFO: App       ] Unicast 140
[INFO: TSCH-LOG  ] {asn 00.00007db4 link  1  17   0 16  2 ch 26} uc-1-0 tx LL-0485->LL-1fdc, len  50, seq 148, st 0  1, dr  -6
[INFO: App       ] Received downward: Unicast 140 asn 00.00007dc4 [INFO: TSCH-LOG  ] {asn 00.00007dc3 link  1  17   0 14  3 ch 26} uc-1-0 rx LL-1fdc->LL-0485, len  50, seq 129, edr  -6, dr   6
[INFO: TSCH-LOG  ] {asn 00.00007e22 link  0 397   0 133  1 ch 20} bc-0-0 tx LL-0485->LL-NULL, len  35, seq 127, st 0  1[INFO: TSCH-LOG  ] {asn 00.00007e79 link  0 397   0 220  1 ch 26} bc-0-0 rx LL-1fdc->LL-NULL, len  35, seq 129, edr   0, dr   0
[INFO: App       ] Start Sending: 141 asn 00.00007e7b
[INFO: App       ] Unicast 141
[INFO: TSCH-LOG  ] {asn 00.00007e80 link  1  17   0 16  2 ch 26} uc-1-0 tx LL-0485->LL-1fdc, len  50, seq 149, st 2  1[INFO: TSCH-LOG  ] {asn 00.00007e91 link  1  17   0 16  2 ch 20} uc-1-0 tx LL-0485->LL-1fdc, len  50, seq 149, st 2  2[INFO: TSCH-LOG  ] {asn 00.00007ea2 link  1  17   0 16  2 ch 15} uc-1-0 tx LL-0485->LL-1fdc, len  50, seq 149, st 2  3[INFO: TSCH-LOG  ] {asn 00.00007eb3 link  1  17   0 16  2 ch 25} uc-1-0 tx LL-0485->LL-1fdc, len  50, seq 149, st 2  4[INFO: TSCH-LOG  ] {asn 00.00007ec4 link  1  17   0 16  2 ch 26} uc-1-0 tx LL-0485->LL-1fdc, len  50, seq 149, st 2  5[INFO: TSCH-LOG  ] {asn 00.00007ed5 link  1  17   0 16  2 ch 20} uc-1-0 tx LL-0485->LL-1fdc, len  50, seq 149, st 2  6[INFO: TSCH-LOG  ] {asn 00.00007ee6 link  1  17   0 16  2 ch 15} uc-1-0 tx LL-0485->LL-1fdc, len  50, seq 149, st 2  7[INFO: TSCH-LOG  ] {asn 00.00007f08 link  1  17   0 16  2 ch 26} uc-1-0 tx LL-0485->LL-1fdc, len  50, seq 149, st 2  8
[INFO: App       ] Start Sending: 142 asn 00.00007f44
[INFO: App       ] Unicast 142
[INFO: TSCH-LOG  ] {asn 00.00007f4c link  1  17   0 16  2 ch 26} drift -27 ppm (min/max delta seen: -8/8)
[INFO: TSCH-LOG  ] {asn 00.00007f4c link  1  17   0 16  2 ch 26} uc-1-0 tx LL-0485->LL-1fdc, len  50, seq 150, st 0  1, dr  -6
[INFO: App       ] Received downward: Unicast 142 asn 00.00007f6d [INFO: TSCH-LOG  ] {asn 00.00007f6c link  1  17   0 14  3 ch 20} uc-1-0 rx LL-1fdc->LL-0485, len  50, seq 130, edr  -4, dr   4
[INFO: TSCH-LOG  ] {asn 00.00007f7d link  1  17   0 14  3 ch 15} uc-1-0 rx LL-1fdc->LL-0485, len  50, seq 130, edr  -1, dr   1
[INFO: TSCH-LOG  ] {asn 00.00007f8e link  1  17   0 14  3 ch 25} uc-1-0 rx LL-1fdc->LL-0485, len  50, seq 130, edr   1, dr  -1
[INFO: TSCH-LOG  ] {asn 00.00007fd2 link  1  17   0 14  3 ch 25} uc-1-0 rx LL-1fdc->LL-0485, len  50, seq 130, edr   0, dr   0
[INFO: App       ] Start Sending: 143 asn 00.0000800d
[INFO: App       ] Unicast 143
[INFO: TSCH-LOG  ] {asn 00.00008018 link  1  17   0 16  2 ch 26} uc-1-0 tx LL-0485->LL-1fdc, len  50, seq 151, st 2  1[INFO: TSCH-LOG  ] {asn 00.00008029 link  1  17   0 16  2 ch 20} uc-1-0 tx LL-0485->LL-1fdc, len  50, seq 151, st 2  2[INFO: TSCH-LOG  ] {asn 00.0000803a link  1  17   0 16  2 ch 15} uc-1-0 tx LL-0485->LL-1fdc, len  50, seq 151, st 2  3[INFO: TSCH-LOG  ] {asn 00.0000804b link  1  17   0 16  2 ch 25} uc-1-0 tx LL-0485->LL-1fdc, len  50, seq 151, st 2  4[INFO: TSCH-LOG  ] {asn 00.0000805c link  1  17   0 16  2 ch 26} uc-1-0 tx LL-0485->LL-1fdc, len  50, seq 151, st 2  5[INFO: TSCH-LOG  ] {asn 00.0000807e link  1  17   0 16  2 ch 15} uc-1-0 tx LL-0485->LL-1fdc, len  50, seq 151, st 2  6[INFO: TSCH-LOG  ] {asn 00.000080a0 link  1  17   0 16  2 ch 26} uc-1-0 tx LL-0485->LL-1fdc, len  50, seq 151, st 2  7[INFO: TSCH-LOG  ] {asn 00.000080c2 link  1  17   0 16  2 ch 15} uc-1-0 tx LL-0485->LL-1fdc, len  50, seq 151, st 2  8
[INFO: App       ] Start Sending: 144 asn 00.000080d5
[INFO: App       ] Unicast 144
[INFO: TSCH-LOG  ] {asn 00.000080e4 link  1  17   0 16  2 ch 26} uc-1-0 tx LL-0485->LL-1fdc, len  50, seq 152, st 2  1[INFO: TSCH-LOG  ] {asn 00.000080f5 link  1  17   0 16  2 ch 20} uc-1-0 tx LL-0485->LL-1fdc, len  50, seq 152, st 2  2[INFO: TSCH-LOG  ] {asn 00.00008117 link  1  17   0 16  2 ch 25} uc-1-0 tx LL-0485->LL-1fdc, len  50, seq 152, st 2  3[INFO: TSCH-LOG  ] {asn 00.00008128 link  1  17   0 16  2 ch 26} uc-1-0 tx LL-0485->LL-1fdc, len  50, seq 152, st 2  4[INFO: TSCH-LOG  ] {asn 00.00008139 link  1  17   0 16  2 ch 20} uc-1-0 tx LL-0485->LL-1fdc, len  50, seq 152, st 2  5[INFO: TSCH-LOG  ] {asn 00.0000815b link  1  17   0 16  2 ch 25} uc-1-0 tx LL-0485->LL-1fdc, len  50, seq 152, st 2  6[INFO: TSCH-LOG  ] {asn 00.0000817d link  1  17   0 16  2 ch 20} uc-1-0 tx LL-0485->LL-1fdc, len  50, seq 152, st 2  7[INFO: TSCH-LOG  ] {asn 00.0000818e link  1  17   0 16  2 ch 15} uc-1-0 tx LL-0485->LL-1fdc, len  50, seq 152, st 2  8
[WARN: RPL       ] significant rank update 283->900
[INFO: App       ] Start Sending: 145 asn 00.0000819f
[INFO: App       ] Unicast 145
[INFO: TSCH-LOG  ] {asn 00.0000819f link  1  17   0 16  2 ch 25} uc-1-0 tx LL-0485->LL-1fdc, len  50, seq 153, st 2  1[INFO: TSCH-LOG  ] {asn 00.000081b0 link  1  17   0 16  2 ch 26} uc-1-0 tx LL-0485->LL-1fdc, len  50, seq 153, st 2  2[INFO: TSCH-LOG  ] {asn 00.000081c1 link  1  17   0 16  2 ch 20} uc-1-0 tx LL-0485->LL-1fdc, len  50, seq 153, st 2  3[INFO: TSCH-LOG  ] {asn 00.000081d2 link  1  17   0 16  2 ch 15} uc-1-0 tx LL-0485->LL-1fdc, len  50, seq 153, st 2  4[INFO: TSCH-LOG  ] {asn 00.000081e3 link  1  17   0 16  2 ch 25} uc-1-0 tx LL-0485->LL-1fdc, len  50, seq 153, st 2  5[INFO: TSCH-LOG  ] {asn 00.00008205 link  1  17   0 16  2 ch 20} uc-1-0 tx LL-0485->LL-1fdc, len  50, seq 153, st 2  6[INFO: TSCH-LOG  ] {asn 00.00008227 link  1  17   0 16  2 ch 25} uc-1-0 tx LL-0485->LL-1fdc, len  50, seq 153, st 2  7[INFO: TSCH-LOG  ] {asn 00.00008249 link  1  17   0 16  2 ch 20} uc-1-0 tx LL-0485->LL-1fdc, len  50, seq 153, st 2  8
[INFO: App       ] Start Sending: 146 asn 00.00008267
[INFO: App       ] Unicast 146
[INFO: TSCH-LOG  ] {asn 00.0000826b link  1  17   0 16  2 ch 25} uc-1-0 tx LL-0485->LL-1fdc, len  50, seq 154, st 2  1[INFO: TSCH-LOG  ] {asn 00.0000828d link  1  17   0 16  2 ch 20} uc-1-0 tx LL-0485->LL-1fdc, len  50, seq 154, st 2  2[INFO: TSCH-LOG  ] {asn 00.0000829e link  1  17   0 16  2 ch 15} uc-1-0 tx LL-0485->LL-1fdc, len  50, seq 154, st 2  3[INFO: TSCH-LOG  ] {asn 00.000082c0 link  1  17   0 16  2 ch 26} uc-1-0 tx LL-0485->LL-1fdc, len  50, seq 154, st 2  4
[INFO: TSCH-LOG  ] {asn 00.000082c9 link  0 397   0 133  1 ch 26} bc-0-0 tx LL-0485->LL-NULL, len  35, seq 128, st 0  1[INFO: RPL       ] sending a multicast-DIO with rank 1078 to ff02::1a
[INFO: TSCH-LOG  ] {asn 00.000082d1 link  1  17   0 16  2 ch 20} uc-1-0 tx LL-0485->LL-1fdc, len  50, seq 154, st 2  5[INFO: TSCH-LOG  ] {asn 00.000082d9 link  2  41   0  0  0 ch 25} bc-1-0 tx LL-0485->LL-NULL, len  94, seq 129, st 0  1[INFO: TSCH-LOG  ] {asn 00.000082e2 link  1  17   0 16  2 ch 15} uc-1-0 tx LL-0485->LL-1fdc, len  50, seq 154, st 2  6[INFO: TSCH-LOG  ] {asn 00.00008304 link  1  17   0 16  2 ch 26} uc-1-0 tx LL-0485->LL-1fdc, len  50, seq 154, st 2  7[INFO: TSCH-LOG  ] {asn 00.00008326 link  1  17   0 16  2 ch 15} uc-1-0 tx LL-0485->LL-1fdc, len  50, seq 154, st 2  8
[INFO: RPL       ] parent switch: fe80::f6ce:3623:9010:1fdc -> (NULL IP addr)
[WARN: RPL       ] no parent, scheduling periodic DIS, will leave if no parent is found
[INFO: RPL       ] nbr: own state, addr fd00::212:4b00:a63:485, DAG state: initialized, MOP 1 OCP 1 rank 65535 max-rank 1283, dioint 12, nbr count 1 (Parent switch)
[INFO: RPL       ] nbr: fe80::f6ce:3623:9010:1fdc  128,  1111 =>  1239 -- 16 r  f  (last tx 0 min ago, better since 0 min)
[INFO: RPL       ] nbr: end of list
[INFO: App       ] Start Sending: 147 asn 00.00008330
[INFO: App       ] Not reachable yet[INFO: App       ] Start Sending: 148 asn 00.000083f8
[INFO: App       ] Not reachable yet[INFO: App       ] Start Sending: 149 asn 00.000084c1
[INFO: App       ] Not reachable yet[INFO: App       ] Start Sending: 150 asn 00.0000858a
[INFO: App       ] Not reachable yet[INFO: App       ] Start Sending: 151 asn 00.00008653
[INFO: App       ] Not reachable yet[INFO: App       ] Start Sending: 152 asn 00.0000871c
[INFO: App       ] Not reachable yet[INFO: App       ] Start Sending: 153 asn 00.000087e4
[INFO: App       ] Not reachable yet[INFO: App       ] Start Sending: 154 asn 00.000088ad
[INFO: App       ] Not reachable yet[INFO: RPL       ] sending a DIS to ff02::1a
[INFO: TSCH-LOG  ] {asn 00.00008941 link  2  41   0  0  0 ch 25} bc-1-0 tx LL-0485->LL-NULL, len  24, seq 130, st 0  1[INFO: App       ] Start Sending: 155 asn 00.00008976
[INFO: App       ] Not reachable yet[INFO: App       ] Start Sending: 156 asn 00.00008a3f
[INFO: App       ] Not reachable yet[INFO: RPL       ] received a multicast-DIO from fe80::f6ce:36a2:606e:782, instance_id 0, DAG ID fd00::f6ce:3623:9010:1fdc, version 240, dtsn 240, rank 941
[INFO: RPL       ] best parent is not fresh, schedule urgent probing to fe80::f6ce:36a2:606e:782
[INFO: TSCH-LOG  ] {asn 00.00008adb link  2  41   0  0  0 ch 20} bc-1-0 rx LL-0782->LL-NULL, len  94, seq 133, edr -14[INFO: App       ] Start Sending: 157 asn 00.00008b08
[INFO: App       ] Not reachable yet[INFO: RPL       ] sending a unicast-DIO with rank 65535 to fe80::f6ce:36a2:606e:782
[INFO: TSCH-LOG  ] {asn 00.00008b5d link  1  17   0 11  2 ch 20} uc-1-0 tx LL-0485->LL-0782, len 100, seq 155, st 0  1
[INFO: RPL       ] best parent is not fresh, schedule urgent probing to fe80::f6ce:36a2:606e:782
[INFO: RPL       ] sending a unicast-DIO with rank 65535 to fe80::f6ce:36a2:606e:782
[INFO: TSCH-LOG  ] {asn 00.00008b90 link  1  17   0 11  2 ch 26} uc-1-0 tx LL-0485->LL-0782, len 100, seq 156, st 0  1
[INFO: RPL       ] best parent is not fresh, schedule urgent probing to fe80::f6ce:36a2:606e:782
[INFO: RPL       ] sending a unicast-DIO with rank 65535 to fe80::f6ce:36a2:606e:782
[INFO: App       ] Start Sending: 158 asn 00.00008bd1
[INFO: App       ] Not reachable yet[INFO: TSCH-LOG  ] {asn 00.00008bd4 link  1  17   0 11  2 ch 26} uc-1-0 tx LL-0485->LL-0782, len 100, seq 157, st 0  1
[INFO: RPL       ] best parent is not fresh, schedule urgent probing to fe80::f6ce:36a2:606e:782
[INFO: RPL       ] sending a unicast-DIO with rank 65535 to fe80::f6ce:36a2:606e:782
[INFO: TSCH-LOG  ] {asn 00.00008c4b link  1  17   0 11  2 ch 25} uc-1-0 tx LL-0485->LL-0782, len 100, seq 158, st 0  1
[INFO: RPL       ] parent switch: (NULL IP addr) -> fe80::f6ce:36a2:606e:782
[WARN: RPL       ] found parent: fe80::f6ce:36a2:606e:782, staying in DAG
[INFO: RPL       ] nbr: own state, addr fd00::212:4b00:a63:485, DAG state: joined, MOP 1 OCP 1 rank 1166 max-rank 2190, dioint 12, nbr count 2 (Parent switch)
[INFO: RPL       ] nbr: fe80::f6ce:3623:9010:1fdc  128,  1111 =>  1239 -- 16 r  f  (last tx 0 min ago)
[INFO: RPL       ] nbr: fe80::f6ce:36a2:606e:782  941,   225 =>  1166 --  4  bafp (last tx 0 min ago)
[INFO: RPL       ] nbr: end of list[INFO: App       ] Start Sending: 159 asn 00.00008c9a
[INFO: App       ] Not reachable yet[INFO: RPL       ] received a multicast-DIO from fe80::f6ce:36a2:606e:782, instance_id 0, DAG ID fd00::f6ce:3623:9010:1fdc, version 240, dtsn 240, rank 941
[INFO: RPL       ] refreshing lifetime
[INFO: TSCH-LOG  ] {asn 00.00008cc7 link  2  41   0  0  0 ch 20} bc-1-0 rx LL-0782->LL-NULL, len  94, seq 133, edr -16, dr  16
[INFO: App       ] Start Sending: 160 asn 00.00008d63
[INFO: App       ] Not reachable yet[INFO: RPL       ] sending a DAO seqno 242, tx count 1, lifetime 30, prefix fd00::212:4b00:a63:485 to fd00::f6ce:3623:9010:1fdc, parent fe80::f6ce:36a2:606e:782
[INFO: TSCH-LOG  ] {asn 00.00008d8e link  1  17   0 11  2 ch 15} uc-1-0 tx LL-0485->LL-0782, len  91, seq 159, st 2  1[INFO: TSCH-LOG  ] {asn 00.00008d9f link  1  17   0 11  2 ch 25} uc-1-0 tx LL-0485->LL-0782, len  91, seq 159, st 0  2, dr -10
[INFO: TSCH-LOG  ] {asn 00.00008da1 link  0 397   0 130  1 ch 26} bc-0-0 rx LL-0782->LL-NULL, len  35, seq 133, edr  -6, dr   6
[INFO: TSCH-LOG  ] {asn 00.00008da4 link  0 397   0 133  1 ch 25} bc-0-0 tx LL-0485->LL-NULL, len  35, seq 131, st 0  1[INFO: RPL       ] received a DAO-ACK with seqno 242 (242 242) and status 0 from fd00::f6ce:3623:9010:1fdc
[INFO: TSCH-LOG  ] {asn 00.00008e08 link  1  17   0 14  3 ch 20} uc-1-0 rx LL-0782->LL-0485, len  74, seq 103, edr   8, dr  -8
[INFO: App       ] Start Sending: 161 asn 00.00008e2c
[INFO: App       ] Unicast 161
[INFO: TSCH-LOG  ] {asn 00.00008e38 link  1  17   0 11  2 ch 26} uc-1-0 tx LL-0485->LL-0782, len  58, seq 160, st 0  1, dr  -8
[INFO: App       ] Received downward: Unicast 161 asn 00.00008e80 [INFO: TSCH-LOG  ] {asn 00.00008e7f link  1  17   0 14  3 ch 26} drift -38 ppm (min/max delta seen: -10/16)
[INFO: TSCH-LOG  ] {asn 00.00008e7f link  1  17   0 14  3 ch 26} uc-1-0 rx LL-0782->LL-0485, len  83, seq 105, edr  -9, dr   9
[INFO: TSCH-LOG  ] {asn 00.00008e90 link  1  17   0 14  3 ch 20} uc-1-0 rx LL-0782->LL-0485, len  83, seq 105, edr   1, dr  -1
[INFO: TSCH-LOG  ] {asn 00.00008ea1 link  1  17   0 14  3 ch 15} uc-1-0 rx LL-0782->LL-0485, len  83, seq 105, edr   2, dr  -2
[INFO: App       ] Start Sending: 162 asn 00.00008ef4
[INFO: App       ] Unicast 162
[INFO: TSCH-LOG  ] {asn 00.00008f04 link  1  17   0 11  2 ch 26} uc-1-0 tx LL-0485->LL-0782, len  58, seq 161, st 2  1[INFO: TSCH-LOG  ] {asn 00.00008f15 link  1  17   0 11  2 ch 20} uc-1-0 tx LL-0485->LL-0782, len  58, seq 161, st 0  2, dr  -2
[INFO: TSCH-LOG  ] {asn 00.00008f31 link  0 397   0 133  1 ch 26} bc-0-0 tx LL-0485->LL-NULL, len  35, seq 132, st 0  1[INFO: App       ] Received downward: Unicast 162 asn 00.00008f5d [INFO: TSCH-LOG  ] {asn 00.00008f5c link  1  17   0 14  3 ch 20} uc-1-0 rx LL-0782->LL-0485, len  83, seq 107, edr  -5, dr   5
[INFO: App       ] Start Sending: 163 asn 00.00008fbd
[INFO: App       ] Unicast 163
[INFO: TSCH-LOG  ] {asn 00.00008fbf link  1  17   0 11  2 ch 25} uc-1-0 tx LL-0485->LL-0782, len  58, seq 162, st 2  1[INFO: TSCH-LOG  ] {asn 00.00008fd0 link  1  17   0 11  2 ch 26} uc-1-0 tx LL-0485->LL-0782, len  58, seq 162, st 2  2[INFO: TSCH-LOG  ] {asn 00.00008fd2 link  2  41   0  0  0 ch 26} !failed to parse frame 0 0[INFO: TSCH-LOG  ] {asn 00.00008fe1 link  1  17   0 11  2 ch 20} uc-1-0 tx LL-0485->LL-0782, len  58, seq 162, st 0  3, dr  -6
[INFO: App       ] Received downward: Unicast 163 asn 00.00009029 [INFO: TSCH-LOG  ] {asn 00.00009028 link  1  17   0 14  3 ch 20} drift -35 ppm (min/max delta seen: -10/16)
[INFO: TSCH-LOG  ] {asn 00.00009028 link  1  17   0 14  3 ch 20} uc-1-0 rx LL-0782->LL-0485, len  83, seq 109, edr  -7, dr   7
[INFO: App       ] Start Sending: 164 asn 00.00009086
[INFO: App       ] Unicast 164
[INFO: TSCH-LOG  ] {asn 00.0000908b link  1  17   0 11  2 ch 25} uc-1-0 tx LL-0485->LL-0782, len  58, seq 163, st 0  1, dr  -6
[INFO: TSCH-LOG  ] {asn 00.000090be link  0 397   0 133  1 ch 20} bc-0-0 tx LL-0485->LL-NULL, len  35, seq 133, st 0  1[INFO: RPL       ] received a multicast-DIO from fe80::f6ce:364c:f44e:280c, instance_id 0, DAG ID fd00::f6ce:3623:9010:1fdc, version 240, dtsn 240, rank 586
[INFO: RPL       ] best parent is not fresh, schedule urgent probing to fe80::f6ce:364c:f44e:280c
[INFO: TSCH-LOG  ] {asn 00.000090c8 link  2  41   0  0  0 ch 15} bc-1-0 rx LL-280c->LL-NULL, len  94, seq 109, edr   0[INFO: App       ] Received downward: Unicast 164 asn 00.000090f5 [INFO: TSCH-LOG  ] {asn 00.000090f4 link  1  17   0 14  3 ch 20} uc-1-0 rx LL-0782->LL-0485, len  83, seq 111, edr  -8, dr   8
[INFO: TSCH-LOG  ] {asn 00.00009116 link  1  17   0 14  3 ch 25} uc-1-0 rx LL-0782->LL-0485, len  83, seq 111, edr   0, dr   0
[INFO: RPL       ] sending a unicast-DIO with rank 1167 to fe80::f6ce:364c:f44e:280c
[INFO: TSCH-LOG  ] {asn 00.00009125 link  1  17   0 12  2 ch 20} uc-1-0 tx LL-0485->LL-280c, len 100, seq 164, st 0  1
[INFO: RPL       ] best parent is not fresh, schedule urgent probing to fe80::f6ce:364c:f44e:280c
[INFO: App       ] Start Sending: 165 asn 00.0000914f
[INFO: App       ] Unicast 165
[INFO: TSCH-LOG  ] {asn 00.00009157 link  1  17   0 11  2 ch 25} uc-1-0 tx LL-0485->LL-0782, len  58, seq 165, st 0  1, dr  -6
[INFO: App       ] Received downward: Unicast 165 asn 00.0000919f [INFO: TSCH-LOG  ] {asn 00.0000919e link  1  17   0 14  3 ch 25} uc-1-0 rx LL-0782->LL-0485, len  83, seq 113, edr  -8, dr   8
[INFO: App       ] Start Sending: 166 asn 00.00009217
[INFO: App       ] Unicast 166
[INFO: TSCH-LOG  ] {asn 00.00009223 link  1  17   0 11  2 ch 25} drift -37 ppm (min/max delta seen: -10/16)
[INFO: TSCH-LOG  ] {asn 00.00009223 link  1  17   0 11  2 ch 25} uc-1-0 tx LL-0485->LL-0782, len  58, seq 166, st 0  1, dr  -6
[INFO: TSCH-LOG  ] {asn 00.0000924b link  0 397   0 133  1 ch 15} bc-0-0 tx LL-0485->LL-NULL, len  35, seq 134, st 0  1[INFO: RPL       ] sending a unicast-DIO with rank 1148 to fe80::f6ce:364c:f44e:280c
[INFO: TSCH-LOG  ] {asn 00.0000928a link  1  17   0 12  2 ch 15} uc-1-0 tx LL-0485->LL-280c, len 100, seq 167, st 2  1[INFO: TSCH-LOG  ] {asn 00.0000929b link  1  17   0 12  2 ch 25} uc-1-0 tx LL-0485->LL-280c, len 100, seq 167, st 2  2[INFO: App       ] Received downward: Unicast 166 asn 00.0000929e [INFO: TSCH-LOG  ] {asn 00.0000929d link  1  17   0 14  3 ch 15} uc-1-0 rx LL-0782->LL-0485, len  83, seq 115, edr  -6, dr   6
[INFO: TSCH-LOG  ] {asn 00.000092ac link  1  17   0 12  2 ch 26} uc-1-0 tx LL-0485->LL-280c, len 100, seq 167, st 2  3[INFO: TSCH-LOG  ] {asn 00.000092bd link  1  17   0 12  2 ch 20} uc-1-0 tx LL-0485->LL-280c, len 100, seq 167, st 0  4
[INFO: RPL       ] parent switch: fe80::f6ce:36a2:606e:782 -> fe80::f6ce:364c:f44e:280c
[INFO: RPL       ] nbr: own state, addr fd00::212:4b00:a63:485, DAG state: reachable, MOP 1 OCP 1 rank 925 max-rank 1949, dioint 12, nbr count 3 (Parent switch)
[INFO: RPL       ] nbr: fe80::f6ce:3623:9010:1fdc  128,  1111 =>  1239 -- 16 r  f  (last tx 0 min ago)
[INFO: RPL       ] nbr: fe80::f6ce:36a2:606e:782  941,   207 =>  1148 -- 15   af  (last tx 0 min ago)
[INFO: RPL       ] nbr: fe80::f6ce:364c:f44e:280c  586,   339 =>   925 --  5  bafp (last tx 0 min ago)
[INFO: RPL       ] nbr: end of list[INFO: App       ] Start Sending: 167 asn 00.000092e0
[INFO: App       ] Unicast 167
[INFO: TSCH-LOG  ] {asn 00.000092f0 link  1  17   0 12  2 ch 26} uc-1-0 tx LL-0485->LL-280c, len  58, seq 168, st 2  1[INFO: TSCH-LOG  ] {asn 00.00009301 link  1  17   0 12  2 ch 20} uc-1-0 tx LL-0485->LL-280c, len  58, seq 168, st 0  2, dr -10
[INFO: App       ] Received downward: Unicast 167 asn 00.00009359 [INFO: TSCH-LOG  ] {asn 00.00009358 link  1  17   0 14  3 ch 20} uc-1-0 rx LL-0782->LL-0485, len  83, seq 116, edr  -8[INFO: App       ] Start Sending: 168 asn 00.000093a9
[INFO: App       ] Unicast 168
[INFO: TSCH-LOG  ] {asn 00.000093ab link  1  17   0 12  2 ch 25} uc-1-0 tx LL-0485->LL-280c, len  58, seq 169, st 0  1, dr -10
[INFO: TSCH-LOG  ] {asn 00.000093d8 link  0 397   0 133  1 ch 25} bc-0-0 tx LL-0485->LL-NULL, len  35, seq 135, st 0  1[INFO: App       ] Start Sending: 169 asn 00.00009472
[INFO: App       ] Unicast 169
[INFO: TSCH-LOG  ] {asn 00.00009477 link  1  17   0 12  2 ch 25} uc-1-0 tx LL-0485->LL-280c, len  58, seq 170, st 2  1[INFO: TSCH-LOG  ] {asn 00.00009488 link  1  17   0 12  2 ch 26} uc-1-0 tx LL-0485->LL-280c, len  58, seq 170, st 2  2[INFO: TSCH-LOG  ] {asn 00.00009499 link  1  17   0 12  2 ch 20} uc-1-0 tx LL-0485->LL-280c, len  58, seq 170, st 2  3[INFO: TSCH-LOG  ] {asn 00.000094aa link  1  17   0 12  2 ch 15} uc-1-0 tx LL-0485->LL-280c, len  58, seq 170, st 2  4[INFO: TSCH-LOG  ] {asn 00.000094bb link  1  17   0 12  2 ch 25} uc-1-0 tx LL-0485->LL-280c, len  58, seq 170, st 2  5[INFO: TSCH-LOG  ] {asn 00.000094cc link  1  17   0 12  2 ch 26} uc-1-0 tx LL-0485->LL-280c, len  58, seq 170, st 2  6תר[INFO: TSCH-LOG  ] {asn 00.000094ee link  1  17   0 12  2 ch 15} uc-1-0 tx LL-0485->LL-280c, len  58, seq 170, st 2  7[INFO: RPL       ] sending a DAO seqno 243, tx count 1, lifetime 30, prefix fd00::212:4b00:a63:485 to fd00::f6ce:3623:9010:1fdc, parent fe80::f6ce:364c:f44e:280c
[INFO: TSCH-LOG  ] {asn 00.000094ff link  1  17   0 12  2 ch 25} uc-1-0 tx LL-0485->LL-280c, len  58, seq 170, st 2  8
[INFO: TSCH-LOG  ] {asn 00.00009521 link  1  17   0 12  2 ch 20} drift -33 ppm (min/max delta seen: -10/16)
[INFO: TSCH-LOG  ] {asn 00.00009521 link  1  17   0 12  2 ch 20} uc-1-0 tx LL-0485->LL-280c, len  91, seq 171, st 0  1, dr  -2
[INFO: App       ] Start Sending: 170 asn 00.0000953b
[INFO: App       ] Unicast 170
[INFO: TSCH-LOG  ] {asn 00.00009543 link  1  17   0 12  2 ch 25} uc-1-0 tx LL-0485->LL-280c, len  58, seq 172, st 2  1
[INFO: TSCH-LOG  ] {asn 00.00009554 link  1  17   0 12  2 ch 26} uc-1-0 tx LL-0485->LL-280c, len  58, seq 172, st 2  2[INFO: TSCH-LOG  ] {asn 00.00009565 link  0 397   0 133  1 ch 26} bc-0-0 tx LL-0485->LL-NULL, len  35, seq 136, st 0  1[INFO: TSCH-LOG  ] {asn 00.00009576 link  1  17   0 12  2 ch 15} uc-1-0 tx LL-0485->LL-280c, len  58, seq 172, st 2  3[INFO: TSCH-LOG  ] {asn 00.00009587 link  1  17   0 12  2 ch 25} uc-1-0 tx LL-0485->LL-280c, len  58, seq 172, st 2  4תר[INFO: TSCH-LOG  ] {asn 00.00009598 link  1  17   0 12  2 ch 26} uc-1-0 tx LL-0485->LL-280c, len  58, seq 172, st 2  5[INFO: TSCH-LOG  ] {asn 00.0000959a link  1  17   0 14  3 ch 25} !failed to parse frame 0 0תר[INFO: TSCH-LOG  ] {asn 00.000095a9 link  1  17   0 12  2 ch 20} uc-1-0 tx LL-0485->LL-280c, len  58, seq 172, st 2  6[INFO: TSCH-LOG  ] {asn 00.000095ba link  1  17   0 12  2 ch 15} uc-1-0 tx LL-0485->LL-280c, len  58, seq 172, st 2  7[INFO: TSCH-LOG  ] {asn 00.000095dc link  1  17   0 12  2 ch 26} uc-1-0 tx LL-0485->LL-280c, len  58, seq 172, st 2  8
[INFO: App       ] Start Sending: 171 asn 00.00009603
[INFO: App       ] Unicast 171
[INFO: TSCH-LOG  ] {asn 00.0000960f link  1  17   0 12  2 ch 25} uc-1-0 tx LL-0485->LL-280c, len  58, seq 173, st 2  1[INFO: TSCH-LOG  ] {asn 00.00009620 link  1  17   0 12  2 ch 26} uc-1-0 tx LL-0485->LL-280c, len  58, seq 173, st 2  2תר[INFO: TSCH-LOG  ] {asn 00.00009642 link  1  17   0 12  2 ch 15} uc-1-0 tx LL-0485->LL-280c, len  58, seq 173, st 2  3[INFO: TSCH-LOG  ] {asn 00.00009653 link  1  17   0 12  2 ch 25} uc-1-0 tx LL-0485->LL-280c, len  58, seq 173, st 2  4תר[INFO: RPL       ] received a multicast-DIO from fe80::f6ce:364f:17c3:5a2a, instance_id 0, DAG ID fd00::f6ce:3623:9010:1fdc, version 240, dtsn 240, rank 635
[INFO: RPL       ] best parent is not fresh, schedule urgent probing to fe80::f6ce:364f:17c3:5a2a
[INFO: TSCH-LOG  ] {asn 00.00009663 link  2  41   0  0  0 ch 20} bc-1-0 rx LL-5a2a->LL-NULL, len  94, seq 116, edr -12
[INFO: TSCH-LOG  ] {asn 00.00009664 link  1  17   0 12  2 ch 26} uc-1-0 tx LL-0485->LL-280c, len  58, seq 173, st 2  5[INFO: TSCH-LOG  ] {asn 00.00009686 link  1  17   0 12  2 ch 15} uc-1-0 tx LL-0485->LL-280c, len  58, seq 173, st 2  6[INFO: TSCH-LOG  ] {asn 00.000096a8 link  1  17   0 12  2 ch 26} uc-1-0 tx LL-0485->LL-280c, len  58, seq 173, st 2  7[INFO: TSCH-LOG  ] {asn 00.000096ca link  1  17   0 12  2 ch 15} uc-1-0 tx LL-0485->LL-280c, len  58, seq 173, st 2  8
[INFO: RPL       ] parent switch: fe80::f6ce:364c:f44e:280c -> fe80::f6ce:36a2:606e:782
[INFO: RPL       ] nbr: own state, addr fd00::212:4b00:a63:485, DAG state: reachable, MOP 1 OCP 1 rank 1148 max-rank 1919, dioint 12, nbr count 4 (Parent switch)
[INFO: RPL       ] nbr: fe80::f6ce:3623:9010:1fdc  128,  1111 =>  1239 -- 16 r  f  (last tx 0 min ago)
[INFO: RPL       ] nbr: fe80::f6ce:36a2:606e:782  941,   207 =>  1148 -- 15  bafp (last tx 0 min ago)
[INFO: RPL       ] nbr: fe80::f6ce:364c:f44e:280c  586,   885 =>  1471 -- 16   af  (last tx 0 min ago)
[INFO: RPL       ] nbr: fe80::f6ce:364f:17c3:5a2a  635,   384 =>  1019 --  0   a   (no tx, better since 0 min)
[INFO: RPL       ] nbr: end of list
[INFO: App       ] Start Sending: 172 asn 00.000096d3
[INFO: App       ] Unicast 172
[INFO: TSCH-LOG  ] {asn 00.000096da link  1  17   0 11  2 ch 15} uc-1-0 tx LL-0485->LL-0782, len  58, seq 174, st 2  1[INFO: TSCH-LOG  ] {asn 00.000096eb link  1  17   0 11  2 ch 25} uc-1-0 tx LL-0485->LL-0782, len  58, seq 174, st 2  2[INFO: TSCH-LOG  ] {asn 00.000096f2 link  0 397   0 133  1 ch 20} bc-0-0 tx LL-0485->LL-NULL, len  35, seq 137, st 0  1[INFO: TSCH-LOG  ] {asn 00.000096fc link  1  17   0 11  2 ch 26} uc-1-0 tx LL-0485->LL-0782, len  58, seq 174, st 2  3[INFO: TSCH-LOG  ] {asn 00.0000970d link  1  17   0 11  2 ch 20} uc-1-0 tx LL-0485->LL-0782, len  58, seq 174, st 2  4[INFO: TSCH-LOG  ] {asn 00.0000971e link  1  17   0 11  2 ch 15} uc-1-0 tx LL-0485->LL-0782, len  58, seq 174, st 2  5תר[INFO: TSCH-LOG  ] {asn 00.00009740 link  1  17   0 11  2 ch 26} uc-1-0 tx LL-0485->LL-0782, len  58, seq 174, st 2  6[INFO: TSCH-LOG  ] {asn 00.00009751 link  1  17   0 11  2 ch 20} uc-1-0 tx LL-0485->LL-0782, len  58, seq 174, st 2  7
[INFO: RPL       ] sending a unicast-DIO with rank 1148 to fe80::f6ce:364f:17c3:5a2a
[INFO: TSCH-LOG  ] {asn 00.0000975f link  1  17   0  8  2 ch 25} uc-1-0 tx LL-0485->LL-5a2a, len 100, seq 175, st 0  1
[INFO: RPL       ] best parent is not fresh, schedule urgent probing to fe80::f6ce:364f:17c3:5a2a
[INFO: TSCH-LOG  ] {asn 00.00009773 link  1  17   0 11  2 ch 25} uc-1-0 tx LL-0485->LL-0782, len  58, seq 174, st 2  8
[INFO: App       ] Start Sending: 173 asn 00.0000979c
[INFO: App       ] Unicast 173
[INFO: TSCH-LOG  ] {asn 00.000097a6 link  1  17   0 11  2 ch 15} uc-1-0 tx LL-0485->LL-0782, len  58, seq 176, st 2  1[INFO: RPL       ] sending a unicast-DIO with rank 1383 to fe80::f6ce:364f:17c3:5a2a
[INFO: TSCH-LOG  ] {asn 00.000097c5 link  1  17   0  8  2 ch 20} uc-1-0 tx LL-0485->LL-5a2a, len 100, seq 177, st 2  1תר[INFO: TSCH-LOG  ] {asn 00.000097c8 link  1  17   0 11  2 ch 26} uc-1-0 tx LL-0485->LL-0782, len  58, seq 176, st 2  2תר[INFO: TSCH-LOG  ] {asn 00.000097d6 link  1  17   0  8  2 ch 15} uc-1-0 tx LL-0485->LL-5a2a, len 100, seq 177, st 0  2
[INFO: RPL       ] best parent is not fresh, schedule urgent probing to fe80::f6ce:364f:17c3:5a2a
[INFO: TSCH-LOG  ] {asn 00.000097ea link  1  17   0 11  2 ch 15} uc-1-0 tx LL-0485->LL-0782, len  58, seq 176, st 2  3[INFO: TSCH-LOG  ] {asn 00.0000980c link  1  17   0 11  2 ch 26} uc-1-0 tx LL-0485->LL-0782, len  58, seq 176, st 2  4[INFO: TSCH-LOG  ] {asn 00.0000981d link  1  17   0 11  2 ch 20} uc-1-0 tx LL-0485->LL-0782, len  58, seq 176, st 2  5[INFO: TSCH-LOG  ] {asn 00.0000982e link  1  17   0 11  2 ch 15} uc-1-0 tx LL-0485->LL-0782, len  58, seq 176, st 2  6[INFO: RPL       ] sending a unicast-DIO with rank 1383 to fe80::f6ce:364f:17c3:5a2a
[INFO: TSCH-LOG  ] {asn 00.0000983f link  1  17   0 11  2 ch 25} uc-1-0 tx LL-0485->LL-0782, len  58, seq 176, st 2  7[INFO: TSCH-LOG  ] {asn 00.0000984d link  1  17   0  8  2 ch 20} uc-1-0 tx LL-0485->LL-5a2a, len 100, seq 178, st 0  1
[INFO: RPL       ] parent switch: fe80::f6ce:36a2:606e:782 -> fe80::f6ce:364f:17c3:5a2a
[INFO: RPL       ] nbr: own state, addr fd00::212:4b00:a63:485, DAG state: reachable, MOP 1 OCP 1 rank 921 max-rank 1919, dioint 12, nbr count 4 (Parent switch)
[INFO: RPL       ] nbr: fe80::f6ce:3623:9010:1fdc  128,  1111 =>  1239 -- 16 r  f  (last tx 0 min ago)
[INFO: RPL       ] nbr: fe80::f6ce:36a2:606e:782  941,   442 =>  1383 -- 16   af  (last tx 0 min ago)
[INFO: RPL       ] nbr: fe80::f6ce:364c:f44e:280c  586,   885 =>  1471 -- 16   af  (last tx 0 min ago)
[INFO: RPL       ] nbr: fe80::f6ce:364f:17c3:5a2a  635,   286 =>   921 --  4  bafp (last tx 0 min ago)
[INFO: RPL       ] nbr: end of list[INFO: TSCH-LOG  ] {asn 00.00009861 link  1  17   0 11  2 ch 20} uc-1-0 tx LL-0485->LL-0782, len  58, seq 176, st 2  8
[INFO: App       ] Start Sending: 174 asn 00.00009865
[INFO: App       ] Unicast 174
[INFO: TSCH-LOG  ] {asn 00.0000986f link  1  17   0  8  2 ch 25} uc-1-0 tx LL-0485->LL-5a2a, len  58, seq 179, st 0  1, dr  10
[INFO: TSCH-LOG  ] {asn 00.0000987f link  0 397   0 133  1 ch 15} bc-0-0 tx LL-0485->LL-NULL, len  35, seq 138, st 0  1תר[INFO: App       ] Start Sending: 175 asn 00.0000992d
[INFO: App       ] Unicast 175
[INFO: TSCH-LOG  ] {asn 00.0000993b link  1  17   0  8  2 ch 25} uc-1-0 tx LL-0485->LL-5a2a, len  58, seq 180, st 0  1, dr  -8
[INFO: App       ] Start Sending: 176 asn 00.000099f6
[INFO: App       ] Unicast 176
[INFO: TSCH-LOG  ] {asn 00.00009a07 link  1  17   0  8  2 ch 25} drift -74 ppm (min/max delta seen: -10/16)
[INFO: TSCH-LOG  ] {asn 00.00009a07 link  1  17   0  8  2 ch 25} uc-1-0 tx LL-0485->LL-5a2a, len  58, seq 181, st 0  1, dr -12
[INFO: TSCH-LOG  ] {asn 00.00009a0c link  0 397   0 133  1 ch 25} bc-0-0 tx LL-0485->LL-NULL, len  35, seq 139, st 0  1[INFO: RPL       ] sending a DAO seqno 244, tx count 1, lifetime 30, prefix fd00::212:4b00:a63:485 to fd00::f6ce:3623:9010:1fdc, parent fe80::f6ce:364f:17c3:5a2a
[INFO: TSCH-LOG  ] {asn 00.00009ab1 link  1  17   0  8  2 ch 20} uc-1-0 tx LL-0485->LL-5a2a, len  91, seq 182, st 0  1, dr   6
[INFO: App       ] Start Sending: 177 asn 00.00009abf
[INFO: App       ] Unicast 177
[INFO: TSCH-LOG  ] {asn 00.00009ac2 link  1  17   0  8  2 ch 15} uc-1-0 tx LL-0485->LL-5a2a, len  58, seq 183, st 2  1[INFO: TSCH-LOG  ] {asn 00.00009ad3 link  1  17   0  8  2 ch 25} uc-1-0 tx LL-0485->LL-5a2a, len  58, seq 183, st 0  2, dr  -2
[INFO: RPL       ] received a DAO-ACK with seqno 244 (244 244) and status 0 from fd00::f6ce:3623:9010:1fdc
[INFO: TSCH-LOG  ] {asn 00.00009b2e link  1  17   0 14  3 ch 25} uc-1-0 rx LL-5a2a->LL-0485, len  66, seq  82, edr -23, dr  23
[INFO: TSCH-LOG  ] {asn 00.00009b3e link  0 397   0 42  1 ch 20} !failed to parse frame 0 0[INFO: App       ] Received downward: Unicast 177 asn 00.00009b40 [INFO: TSCH-LOG  ] {asn 00.00009b3f link  1  17   0 14  3 ch 26} uc-1-0 rx LL-5a2a->LL-0485, len  75, seq  83, edr   2, dr  -2
[INFO: TSCH-LOG  ] {asn 00.00009b50 link  1  17   0 14  3 ch 20} uc-1-0 rx LL-5a2a->LL-0485, len  75, seq  83, edr  -3, dr   3
[INFO: App       ] Start Sending: 178 asn 00.00009b88
[INFO: App       ] Unicast 178
[INFO: TSCH-LOG  ] {asn 00.00009b8e link  1  17   0  8  2 ch 15} uc-1-0 tx LL-0485->LL-5a2a, len  58, seq 184, st 2  1[INFO: TSCH-LOG  ] {asn 00.00009b99 link  0 397   0 133  1 ch 26} bc-0-0 tx LL-0485->LL-NULL, len  35, seq 140, st 0  1תר[INFO: TSCH-LOG  ] {asn 00.00009b9f link  1  17   0  8  2 ch 25} drift -26 ppm (min/max delta seen: -12/23)
[INFO: TSCH-LOG  ] {asn 00.00009b9f link  1  17   0  8  2 ch 25} uc-1-0 tx LL-0485->LL-5a2a, len  58, seq 184, st 0  2, dr  -2
[INFO: App       ] Received downward: Unicast 178 asn 00.00009bea [INFO: TSCH-LOG  ] {asn 00.00009be9 link  1  17   0 14  3 ch 15} uc-1-0 rx LL-5a2a->LL-0485, len  75, seq  85, edr  -3, dr   3
[INFO: App       ] Start Sending: 179 asn 00.00009c51
[INFO: App       ] Unicast 179
[INFO: TSCH-LOG  ] {asn 00.00009c5a link  1  17   0  8  2 ch 15} uc-1-0 tx LL-0485->LL-5a2a, len  58, seq 185, st 2  1[INFO: TSCH-LOG  ] {asn 00.00009c6b link  1  17   0  8  2 ch 25} uc-1-0 tx LL-0485->LL-5a2a, len  58, seq 185, st 2  2[INFO: TSCH-LOG  ] {asn 00.00009c7c link  1  17   0  8  2 ch 26} uc-1-0 tx LL-0485->LL-5a2a, len  58, seq 185, st 2  3[INFO: TSCH-LOG  ] {asn 00.00009c8d link  1  17   0  8  2 ch 20} uc-1-0 tx LL-0485->LL-5a2a, len  58, seq 185, st 2  4[INFO: TSCH-LOG  ] {asn 00.00009caf link  1  17   0  8  2 ch 25} uc-1-0 tx LL-0485->LL-5a2a, len  58, seq 185, st 2  5[INFO: TSCH-LOG  ] {asn 00.00009cd1 link  1  17   0  8  2 ch 20} uc-1-0 tx LL-0485->LL-5a2a, len  58, seq 185, st 2  6[INFO: TSCH-LOG  ] {asn 00.00009ce2 link  1  17   0  8  2 ch 15} uc-1-0 tx LL-0485->LL-5a2a, len  58, seq 185, st 2  7[INFO: TSCH-LOG  ] {asn 00.00009cf3 link  1  17   0  8  2 ch 25} uc-1-0 tx LL-0485->LL-5a2a, len  58, seq 185, st 2  8
[INFO: App       ] Start Sending: 180 asn 00.00009d19
[INFO: App       ] Unicast 180
[INFO: TSCH-LOG  ] {asn 00.00009d26 link  0 397   0 133  1 ch 20} bc-0-0 tx LL-0485->LL-NULL, len  35, seq 141, st 0  1[INFO: TSCH-LOG  ] {asn 00.00009d37 link  1  17   0  8  2 ch 25} uc-1-0 tx LL-0485->LL-5a2a, len  58, seq 186, st 2  1[INFO: TSCH-LOG  ] {asn 00.00009d59 link  1  17   0  8  2 ch 20} uc-1-0 tx LL-0485->LL-5a2a, len  58, seq 186, st 2  2[INFO: TSCH-LOG  ] {asn 00.00009d6a link  1  17   0  8  2 ch 15} uc-1-0 tx LL-0485->LL-5a2a, len  58, seq 186, st 2  3תר[INFO: TSCH-LOG  ] {asn 00.00009d8c link  1  17   0  8  2 ch 26} uc-1-0 tx LL-0485->LL-5a2a, len  58, seq 186, st 2  4[INFO: TSCH-LOG  ] {asn 00.00009d9d link  1  17   0  8  2 ch 20} uc-1-0 tx LL-0485->LL-5a2a, len  58, seq 186, st 2  5[INFO: TSCH-LOG  ] {asn 00.00009dae link  1  17   0  8  2 ch 15} uc-1-0 tx LL-0485->LL-5a2a, len  58, seq 186, st 2  6[INFO: TSCH-LOG  ] {asn 00.00009dbf link  1  17   0  8  2 ch 25} uc-1-0 tx LL-0485->LL-5a2a, len  58, seq 186, st 2  7[INFO: TSCH-LOG  ] {asn 00.00009dd0 link  1  17   0  8  2 ch 26} uc-1-0 tx LL-0485->LL-5a2a, len  58, seq 186, st 2  8
[INFO: TSCH-LOG  ] {asn 00.00009dd6 link  1  17   0 14  3 ch 25} !failed to parse frame 0 0תר[INFO: App       ] Start Sending: 181 asn 00.00009de2
[INFO: App       ] Unicast 181
[INFO: TSCH-LOG  ] {asn 00.00009df2 link  1  17   0  8  2 ch 15} uc-1-0 tx LL-0485->LL-5a2a, len  58, seq 187, st 2  1[INFO: TSCH-LOG  ] {asn 00.00009e14 link  1  17   0  8  2 ch 26} uc-1-0 tx LL-0485->LL-5a2a, len  58, seq 187, st 2  2[INFO: TSCH-LOG  ] {asn 00.00009e36 link  1  17   0  8  2 ch 15} uc-1-0 tx LL-0485->LL-5a2a, len  58, seq 187, st 2  3[INFO: TSCH-LOG  ] {asn 00.00009e47 link  1  17   0  8  2 ch 25} uc-1-0 tx LL-0485->LL-5a2a, len  58, seq 187, st 2  4[INFO: TSCH-LOG  ] {asn 00.00009e69 link  1  17   0  8  2 ch 20} uc-1-0 tx LL-0485->LL-5a2a, len  58, seq 187, st 2  5[INFO: TSCH-LOG  ] {asn 00.00009e7a link  1  17   0  8  2 ch 15} uc-1-0 tx LL-0485->LL-5a2a, len  58, seq 187, st 2  6תר[INFO: TSCH-LOG  ] {asn 00.00009e9c link  1  17   0  8  2 ch 26} uc-1-0 tx LL-0485->LL-5a2a, len  58, seq 187, st 2  7תר[INFO: App       ] Start Sending: 182 asn 00.00009eab
[INFO: App       ] Unicast 182
[INFO: TSCH-LOG  ] {asn 00.00009ead link  1  17   0  8  2 ch 20} uc-1-0 tx LL-0485->LL-5a2a, len  58, seq 187, st 2  8
[INFO: TSCH-LOG  ] {asn 00.00009eb3 link  0 397   0 133  1 ch 15} bc-0-0 tx LL-0485->LL-NULL, len  35, seq 142, st 0  1[INFO: TSCH-LOG  ] {asn 00.00009ebe link  1  17   0  8  2 ch 15} uc-1-0 tx LL-0485->LL-5a2a, len  58, seq 188, st 2  1תר[INFO: TSCH-LOG  ] {asn 00.00009ecf link  1  17   0  8  2 ch 25} uc-1-0 tx LL-0485->LL-5a2a, len  58, seq 188, st 2  2[INFO: TSCH-LOG  ] {asn 00.00009ef1 link  1  17   0  8  2 ch 20} uc-1-0 tx LL-0485->LL-5a2a, len  58, seq 188, st 2  3[INFO: TSCH-LOG  ] {asn 00.00009f13 link  1  17   0  8  2 ch 25} uc-1-0 tx LL-0485->LL-5a2a, len  58, seq 188, st 2  4[INFO: TSCH-LOG  ] {asn 00.00009f24 link  1  17   0  8  2 ch 26} uc-1-0 tx LL-0485->LL-5a2a, len  58, seq 188, st 2  5תר[INFO: TSCH-LOG  ] {asn 00.00009f35 link  1  17   0  8  2 ch 20} uc-1-0 tx LL-0485->LL-5a2a, len  58, seq 188, st 2  6[INFO: TSCH-LOG  ] {asn 00.00009f46 link  1  17   0  8  2 ch 15} uc-1-0 tx LL-0485->LL-5a2a, len  58, seq 188, st 2  7תר[INFO: TSCH-LOG  ] {asn 00.00009f57 link  1  17   0  8  2 ch 25} uc-1-0 tx LL-0485->LL-5a2a, len  58, seq 188, st 2  8
[INFO: RPL       ] parent switch: fe80::f6ce:364f:17c3:5a2a -> fe80::f6ce:364c:f44e:280c
[INFO: RPL       ] nbr: own state, addr fd00::212:4b00:a63:485, DAG state: reachable, MOP 1 OCP 1 rank 1471 max-rank 1889, dioint 12, nbr count 4 (Parent switch)
[INFO: RPL       ] nbr: fe80::f6ce:3623:9010:1fdc  128,  1111 =>  1239 -- 16 r  f  (last tx 1 min ago, better since 0 min)
[INFO: RPL       ] nbr: fe80::f6ce:36a2:606e:782  941,   653 =>  1594 -- 16   af  (last tx 0 min ago)
[INFO: RPL       ] nbr: fe80::f6ce:364c:f44e:280c  586,   885 =>  1471 -- 16  bafp (last tx 0 min ago)
[INFO: RPL       ] nbr: fe80::f6ce:364f:17c3:5a2a  635,  1032 =>  1667 -- 16    f  (last tx 0 min ago)
[INFO: RPL       ] nbr: end of list[INFO: App       ] Start Sending: 183 asn 00.00009f74
[INFO: App       ] Unicast 183
[INFO: TSCH-LOG  ] {asn 00.00009f7d link  1  17   0 12  2 ch 20} uc-1-0 tx LL-0485->LL-280c, len  58, seq 189, st 2  1[INFO: TSCH-LOG  ] {asn 00.00009f8e link  1  17   0 12  2 ch 15} uc-1-0 tx LL-0485->LL-280c, len  58, seq 189, st 2  2תר[INFO: TSCH-LOG  ] {asn 00.00009f9f link  1  17   0 12  2 ch 25} uc-1-0 tx LL-0485->LL-280c, len  58, seq 189, st 2  3[INFO: TSCH-LOG  ] {asn 00.00009fb0 link  1  17   0 12  2 ch 26} uc-1-0 tx LL-0485->LL-280c, len  58, seq 189, st 2  4תר[INFO: TSCH-LOG  ] {asn 00.00009fd2 link  1  17   0 12  2 ch 15} uc-1-0 tx LL-0485->LL-280c, len  58, seq 189, st 2  5תר[INFO: TSCH-LOG  ] {asn 00.00009fe3 link  1  17   0 12  2 ch 25} uc-1-0 tx LL-0485->LL-280c, len  58, seq 189, st 2  6[INFO: App       ] Received downward: Unicast 182 asn 00.00009ff7 [INFO: TSCH-LOG  ] {asn 00.00009ff6 link  1  17   0 14  3 ch 25} uc-1-0 rx LL-5a2a->LL-0485, len  75, seq  89, edr  -2[INFO: TSCH-LOG  ] {asn 00.0000a005 link  1  17   0 12  2 ch 20} uc-1-0 tx LL-0485->LL-280c, len  58, seq 189, st 2  7תר[INFO: TSCH-LOG  ] {asn 00.0000a016 link  1  17   0 12  2 ch 15} uc-1-0 tx LL-0485->LL-280c, len  58, seq 189, st 2  8
[INFO: RPL       ] parent switch: fe80::f6ce:364c:f44e:280c -> fe80::f6ce:36a2:606e:782
[WARN: RPL       ] significant rank update 1078->1594
[INFO: RPL       ] nbr: own state, addr fd00::212:4b00:a63:485, DAG state: reachable, MOP 1 OCP 1 rank 1594 max-rank 1889, dioint 12, nbr count 4 (Parent switch)
[INFO: RPL       ] nbr: fe80::f6ce:3623:9010:1fdc  128,  1111 =>  1239 -- 16 r  f  (last tx 1 min ago, better since 0 min)
[INFO: RPL       ] nbr: fe80::f6ce:36a2:606e:782  941,   653 =>  1594 -- 16  bafp (last tx 0 min ago)
[INFO: RPL       ] nbr: fe80::f6ce:364c:f44e:280c  586,  1052 =>  1638 -- 16    f  (last tx 0 min ago)
[INFO: RPL       ] nbr: fe80::f6ce:364f:17c3:5a2a  635,  1032 =>  1667 -- 16    f  (last tx 0 min ago)
[INFO: RPL       ] nbr: end of list[INFO: App       ] Start Sending: 184 asn 00.0000a03c
[INFO: App       ] Unicast 184
[INFO: TSCH-LOG  ] {asn 00.0000a040 link  0 397   0 133  1 ch 25} bc-0-0 tx LL-0485->LL-NULL, len  35, seq 143, st 0  1[INFO: TSCH-LOG  ] {asn 00.0000a048 link  1  17   0 11  2 ch 26} uc-1-0 tx LL-0485->LL-0782, len  58, seq 190, st 2  1[INFO: TSCH-LOG  ] {asn 00.0000a059 link  1  17   0 11  2 ch 20} uc-1-0 tx LL-0485->LL-0782, len  58, seq 190, st 2  2[INFO: TSCH-LOG  ] {asn 00.0000a06a link  1  17   0 11  2 ch 15} uc-1-0 tx LL-0485->LL-0782, len  58, seq 190, st 2  3תר[INFO: TSCH-LOG  ] {asn 00.0000a07b link  1  17   0 11  2 ch 25} uc-1-0 tx LL-0485->LL-0782, len  58, seq 190, st 2  4[INFO: TSCH-LOG  ] {asn 00.0000a09d link  1  17   0 11  2 ch 20} uc-1-0 tx LL-0485->LL-0782, len  58, seq 190, st 2  5תר[INFO: TSCH-LOG  ] {asn 00.0000a0ae link  1  17   0 11  2 ch 15} uc-1-0 tx LL-0485->LL-0782, len  58, seq 190, st 2  6[INFO: TSCH-LOG  ] {asn 00.0000a0bf link  1  17   0 11  2 ch 25} uc-1-0 tx LL-0485->LL-0782, len  58, seq 190, st 2  7[INFO: TSCH-LOG  ] {asn 00.0000a0d0 link  1  17   0 11  2 ch 26} uc-1-0 tx LL-0485->LL-0782, len  58, seq 190, st 2  8
[INFO: RPL       ] sending a DAO seqno 245, tx count 1, lifetime 30, prefix fd00::212:4b00:a63:485 to fd00::f6ce:3623:9010:1fdc, parent fe80::f6ce:36a2:606e:782
[INFO: TSCH-LOG  ] {asn 00.0000a103 link  1  17   0 11  2 ch 25} uc-1-0 tx LL-0485->LL-0782, len  91, seq 191, st 2  1
[INFO: App       ] Start Sending: 185 asn 00.0000a105
[INFO: App       ] Unicast 185
[INFO: TSCH-LOG  ] {asn 00.0000a125 link  1  17   0 11  2 ch 20} uc-1-0 tx LL-0485->LL-0782, len  91, seq 191, st 2  2[INFO: TSCH-LOG  ] {asn 00.0000a136 link  1  17   0 11  2 ch 15} uc-1-0 tx LL-0485->LL-0782, len  91, seq 191, st 2  3[INFO: TSCH-LOG  ] {asn 00.0000a147 link  1  17   0 11  2 ch 25} uc-1-0 tx LL-0485->LL-0782, len  91, seq 191, st 2  4
[INFO: TSCH-LOG  ] {asn 00.0000a158 link  1  17   0 11  2 ch 26} uc-1-0 tx LL-0485->LL-0782, len  91, seq 191, st 2  5תר[INFO: TSCH-LOG  ] {asn 00.0000a169 link  1  17   0 11  2 ch 20} uc-1-0 tx LL-0485->LL-0782, len  91, seq 191, st 2  6[INFO: TSCH-LOG  ] {asn 00.0000a17a link  1  17   0 11  2 ch 15} uc-1-0 tx LL-0485->LL-0782, len  91, seq 191, st 2  7[INFO: TSCH-LOG  ] {asn 00.0000a19c link  1  17   0 11  2 ch 26} uc-1-0 tx LL-0485->LL-0782, len  91, seq 191, st 2  8
[INFO: RPL       ] parent switch: fe80::f6ce:36a2:606e:782 -> (NULL IP addr)
[WARN: RPL       ] no parent, scheduling periodic DIS, will leave if no parent is found
[INFO: RPL       ] nbr: own state, addr fd00::212:4b00:a63:485, DAG state: initialized, MOP 1 OCP 1 rank 65535 max-rank 1889, dioint 12, nbr count 4 (Parent switch)
[INFO: RPL       ] nbr: fe80::f6ce:3623:9010:1fdc  128,  1111 =>  1239 -- 16 r  f  (last tx 1 min ago, better since 0 min)
[INFO: RPL       ] nbr: fe80::f6ce:36a2:606e:782  941,  1014 =>  1955 -- 16    f  (last tx 0 min ago, better since 0 min)
[INFO: RPL       ] nbr: fe80::f6ce:364c:f44e:280c  586,  1052 =>  1638 -- 16    f  (last tx 0 min ago, better since 0 min)
[INFO: RPL       ] nbr: fe80::f6ce:364f:17c3:5a2a  635,  1032 =>  1667 -- 16    f  (last tx 0 min ago, better since 0 min)
[INFO: RPL       ] nbr: end of list[INFO: TSCH-LOG  ] {asn 00.0000a1ad link  1  17   0 11  2 ch 20} uc-1-0 tx LL-0485->LL-0782, len  58, seq 192, st 2  1[INFO: TSCH-LOG  ] {asn 00.0000a1cd link  0 397   0 133  1 ch 26} bc-0-0 tx LL-0485->LL-NULL, len  35, seq 144, st 0  1
[INFO: App       ] Start Sending: 186 asn 00.0000a1cf
[INFO: App       ] Not reachable yet
[INFO: TSCH-LOG  ] {asn 00.0000a1cf link  1  17   0 11  2 ch 25} uc-1-0 tx LL-0485->LL-0782, len  58, seq 192, st 2  2[INFO: TSCH-LOG  ] {asn 00.0000a1f1 link  1  17   0 11  2 ch 20} uc-1-0 tx LL-0485->LL-0782, len  58, seq 192, st 2  3[INFO: TSCH-LOG  ] {asn 00.0000a202 link  1  17   0 11  2 ch 15} uc-1-0 tx LL-0485->LL-0782, len  58, seq 192, st 2  4[INFO: TSCH-LOG  ] {asn 00.0000a213 link  1  17   0 11  2 ch 25} uc-1-0 tx LL-0485->LL-0782, len  58, seq 192, st 2  5[INFO: TSCH-LOG  ] {asn 00.0000a224 link  1  17   0 11  2 ch 26} uc-1-0 tx LL-0485->LL-0782, len  58, seq 192, st 2  6[INFO: TSCH-LOG  ] {asn 00.0000a235 link  1  17   0 11  2 ch 20} uc-1-0 tx LL-0485->LL-0782, len  58, seq 192, st 2  7[INFO: TSCH-LOG  ] {asn 00.0000a246 link  1  17   0 11  2 ch 15} uc-1-0 tx LL-0485->LL-0782, len  58, seq 192, st 2  8
[INFO: App       ] Start Sending: 187 asn 00.0000a298
[INFO: App       ] Not reachable yet[INFO: App       ] Start Sending: 188 asn 00.0000a360
[INFO: App       ] Not reachable yet[WARN: RPL       ] rpl_icmp6_dao_output: no preferred parent, skip sending DAO[INFO: App       ] Start Sending: 189 asn 00.0000a429
[INFO: App       ] Not reachable yet[INFO: App       ] Start Sending: 190 asn 00.0000a4f2
[INFO: App       ] Not reachable yet[WARN: RPL       ] rpl_icmp6_dao_output: no preferred parent, skip sending DAO
[INFO: App       ] Start Sending: 191 asn 00.0000a5bb
[INFO: App       ] Not reachable yet[INFO: App       ] Start Sending: 192 asn 00.0000a684
[INFO: App       ] Not reachable yet[INFO: App       ] Start Sending: 193 asn 00.0000a74c
[INFO: App       ] Not reachable yet[INFO: App       ] Start Sending: 194 asn 00.0000a815
[INFO: App       ] Not reachable yet[WARN: RPL       ] rpl_icmp6_dao_output: no preferred parent, skip sending DAO[INFO: App       ] Start Sending: 195 asn 00.0000a8de
[INFO: App       ] Not reachable yet[WARN: RPL       ] rpl_icmp6_dao_output: no preferred parent, skip sending DAO
[WARN: RPL       ] local repair (DAO max rtx)
[INFO: RPL       ] reset MRHOF
[INFO: RPL       ] removing all neighbors
[INFO: App       ] Start Sending: 196 asn 00.0000a9a7
[INFO: App       ] Not reachable yet[INFO: App       ] Start Sending: 197 asn 00.0000aa6f
[INFO: App       ] Not reachable yet[INFO: App       ] Start Sending: 198 asn 00.0000ab38
[INFO: App       ] Not reachable yet[INFO: App       ] Start Sending: 199 asn 00.0000ac01
[INFO: App       ] Not reachable yet[INFO: App       ] Start Sending: 200 asn 00.0000acca
[INFO: App       ] Not reachable yet[INFO: App       ] Start Sending: 201 asn 00.0000ad93
[INFO: App       ] Not reachable yet[INFO: App       ] Start Sending: 202 asn 00.0000ae5b
[INFO: App       ] Not reachable yet[INFO: App       ] Start Sending: 203 asn 00.0000af24
[INFO: App       ] Not reachable yet[INFO: App       ] Start Sending: 204 asn 00.0000afed
[INFO: App       ] Not reachable yet[INFO: App       ] Start Sending: 205 asn 00.0000b0b6
[INFO: App       ] Not reachable yet
[INFO: RPL       ] sending a DIS to ff02::1a
[INFO: TSCH-LOG  ] {asn 00.0000b174 link  2  41   0  0  0 ch 15} bc-1-0 tx LL-0485->LL-NULL, len  24, seq 145, st 0  1[INFO: App       ] Start Sending: 206 asn 00.0000b17f
[INFO: App       ] Not reachable yet
[INFO: App       ] Start Sending: 207 asn 00.0000b247
[INFO: App       ] Not reachable yet[INFO: RPL       ] received a multicast-DIO from fe80::f6ce:3623:9010:1fdc, instance_id 0, DAG ID fd00::f6ce:3623:9010:1fdc, version 240, dtsn 240, rank 128
[INFO: TSCH-LOG  ] {asn 00.0000b30e link  2  41   0  0  0 ch 26} bc-1-0 rx LL-1fdc->LL-NULL, len  94, seq  89, edr   8
[INFO: App       ] Start Sending: 208 asn 00.0000b312
[INFO: App       ] Not reachable yet[INFO: App       ] Start Sending: 209 asn 00.0000b3da
[INFO: App       ] Not reachable yet[INFO: App       ] Start Sending: 210 asn 00.0000b4a3
[INFO: App       ] Not reachable yet[INFO: RPL       ] received a multicast-DIO from fe80::f6ce:3623:9010:1fdc, instance_id 0, DAG ID fd00::f6ce:3623:9010:1fdc, version 240, dtsn 240, rank 128
[INFO: TSCH-LOG  ] {asn 00.0000b54c link  2  41   0  0  0 ch 15} bc-1-0 rx LL-1fdc->LL-NULL, len  94, seq  89, edr   8[INFO: App       ] Start Sending: 211 asn 00.0000b56c
[INFO: App       ] Not reachable yet